2013/01/06 11:25:47 [error] [exception.CException] exception 'CException' with message 'Property "Bootstrap.responsiveCSS" is not defined.' in C:\yii\framework\base\CComponent.php:173
Stack trace:
#0 C:\yii\framework\YiiBase.php(220): CComponent->__set('responsiveCSS', true)
#1 C:\yii\framework\base\CModule.php(386): YiiBase::createComponent(Array)
#2 C:\yii\framework\base\CModule.php(523): CModule->getComponent('bootstrap')
#3 C:\yii\framework\base\CApplication.php(152): CModule->preloadComponents()
#4 C:\yii\framework\YiiBase.php(125): CApplication->__construct('C:\xampp\htdocs...')
#5 C:\yii\framework\YiiBase.php(98): YiiBase::createApplication('CWebApplication', 'C:\xampp\htdocs...')
#6 C:\xampp\htdocs\mesh\index.php(13): YiiBase::createWebApplication('C:\xampp\htdocs...')
#7 {main}
REQUEST_URI=/mesh/
---
2013/01/06 17:10:45 [error] [php] Trying to get property of non-object (C:\xampp\htdocs\mesh\protected\views\layouts\main.php:9)
Stack trace:
#0 C:\yii\framework\web\widgets\CContentDecorator.php(76): SiteController->renderFile()
#1 C:\yii\framework\web\widgets\CContentDecorator.php(54): CContentDecorator->decorate()
#2 C:\yii\framework\web\widgets\COutputProcessor.php(44): CContentDecorator->processOutput()
#3 C:\yii\framework\web\CBaseController.php(206): CContentDecorator->run()
#4 C:\yii\framework\web\CBaseController.php(300): SiteController->endWidget()
#5 C:\xampp\htdocs\mesh\protected\views\layouts\column1.php(6): SiteController->endContent()
#6 C:\yii\framework\web\CBaseController.php(126): require()
#7 C:\yii\framework\web\CBaseController.php(95): SiteController->renderInternal()
#8 C:\yii\framework\web\CController.php(784): SiteController->renderFile()
#9 C:\xampp\htdocs\mesh\protected\controllers\SiteController.php(32): SiteController->render()
#10 C:\yii\framework\web\actions\CInlineAction.php(49): SiteController->actionIndex()
#11 C:\yii\framework\web\CController.php(308): CInlineAction->runWithParams()
#12 C:\yii\framework\web\CController.php(286): SiteController->runAction()
#13 C:\yii\framework\web\CController.php(265): SiteController->runActionWithFilters()
#14 C:\yii\framework\web\CWebApplication.php(282): SiteController->run()
#15 C:\yii\framework\web\CWebApplication.php(141): CWebApplication->runController()
#16 C:\yii\framework\base\CApplication.php(169): CWebApplication->processRequest()
#17 C:\xampp\htdocs\mesh\index.php(13): CWebApplication->run()
REQUEST_URI=/mesh/index.php
in C:\xampp\htdocs\mesh\protected\views\layouts\main.php (9)
in C:\xampp\htdocs\mesh\protected\views\layouts\column1.php (6)
in C:\xampp\htdocs\mesh\protected\controllers\SiteController.php (32)
2013/01/06 17:59:14 [error] [php] Trying to get property of non-object (C:\xampp\htdocs\mesh\protected\views\layouts\main.php:9)
Stack trace:
#0 C:\yii\framework\web\widgets\CContentDecorator.php(76): SiteController->renderFile()
#1 C:\yii\framework\web\widgets\CContentDecorator.php(54): CContentDecorator->decorate()
#2 C:\yii\framework\web\widgets\COutputProcessor.php(44): CContentDecorator->processOutput()
#3 C:\yii\framework\web\CBaseController.php(206): CContentDecorator->run()
#4 C:\yii\framework\web\CBaseController.php(300): SiteController->endWidget()
#5 C:\xampp\htdocs\mesh\protected\views\layouts\column1.php(6): SiteController->endContent()
#6 C:\yii\framework\web\CBaseController.php(126): require()
#7 C:\yii\framework\web\CBaseController.php(95): SiteController->renderInternal()
#8 C:\yii\framework\web\CController.php(784): SiteController->renderFile()
#9 C:\xampp\htdocs\mesh\protected\controllers\SiteController.php(32): SiteController->render()
#10 C:\yii\framework\web\actions\CInlineAction.php(49): SiteController->actionIndex()
#11 C:\yii\framework\web\CController.php(308): CInlineAction->runWithParams()
#12 C:\yii\framework\web\CController.php(286): SiteController->runAction()
#13 C:\yii\framework\web\CController.php(265): SiteController->runActionWithFilters()
#14 C:\yii\framework\web\CWebApplication.php(282): SiteController->run()
#15 C:\yii\framework\web\CWebApplication.php(141): CWebApplication->runController()
#16 C:\yii\framework\base\CApplication.php(169): CWebApplication->processRequest()
#17 C:\xampp\htdocs\mesh\index.php(13): CWebApplication->run()
REQUEST_URI=/mesh/
in C:\xampp\htdocs\mesh\protected\views\layouts\main.php (9)
in C:\xampp\htdocs\mesh\protected\views\layouts\column1.php (6)
in C:\xampp\htdocs\mesh\protected\controllers\SiteController.php (32)
2013/01/11 13:41:02 [error] [exception.CDbException] exception 'CDbException' with message 'CDbConnection failed to open the DB connection: SQLSTATE[HY000] [1049] Unknown database 'testdrive'' in C:\yii\framework\db\CDbConnection.php:381
Stack trace:
#0 C:\yii\framework\db\CDbConnection.php(330): CDbConnection->open()
#1 C:\yii\framework\db\CDbConnection.php(308): CDbConnection->setActive(true)
#2 C:\yii\framework\base\CModule.php(387): CDbConnection->init()
#3 C:\yii\framework\base\CModule.php(103): CModule->getComponent('db')
#4 C:\yii\framework\gii\generators\model\ModelCode.php(57): CModule->__get('db')
#5 C:\yii\framework\web\CFormModel.php(39): ModelCode->init()
#6 C:\yii\framework\gii\CCodeGenerator.php(153): CFormModel->__construct()
#7 C:\yii\framework\gii\CCodeGenerator.php(63): CCodeGenerator->prepare()
#8 C:\yii\framework\web\actions\CInlineAction.php(49): CCodeGenerator->actionIndex()
#9 C:\yii\framework\web\CController.php(308): CInlineAction->runWithParams(Array)
#10 C:\yii\framework\web\CController.php(286): CController->runAction(Object(CInlineAction))
#11 C:\yii\framework\web\CController.php(265): CController->runActionWithFilters(Object(CInlineAction), Array)
#12 C:\yii\framework\web\CWebApplication.php(282): CController->run('')
#13 C:\yii\framework\web\CWebApplication.php(141): CWebApplication->runController('gii/model')
#14 C:\yii\framework\base\CApplication.php(169): CWebApplication->processRequest()
#15 C:\xampp\htdocs\mesh\index.php(13): CApplication->run()
#16 {main}
REQUEST_URI=/mesh/index.php?r=gii/model
HTTP_REFERER=http://localhost/mesh/index.php?r=gii/default/index
---
2013/01/11 15:46:12 [error] [exception.CException] exception 'CException' with message 'Property "LoginForm.firstname" is not defined.' in C:\yii\framework\base\CComponent.php:130
Stack trace:
#0 C:\yii\framework\web\helpers\CHtml.php(2255): CComponent->__get('firstname')
#1 C:\yii\framework\web\helpers\CHtml.php(1980): CHtml::resolveValue(Object(LoginForm), 'firstname')
#2 C:\yii\framework\web\helpers\CHtml.php(1257): CHtml::activeInputField('text', Object(LoginForm), 'firstname', Array)
#3 C:\yii\framework\web\widgets\CActiveForm.php(657): CHtml::activeTextField(Object(LoginForm), 'firstname', Array)
#4 C:\xampp\htdocs\mesh\protected\views\site\register.php(24): CActiveForm->textField(Object(LoginForm), 'firstname', Array)
#5 C:\yii\framework\web\CBaseController.php(126): require('C:\xampp\htdocs...')
#6 C:\yii\framework\web\CBaseController.php(95): CBaseController->renderInternal('C:\xampp\htdocs...', Array, true)
#7 C:\yii\framework\web\CController.php(869): CBaseController->renderFile('C:\xampp\htdocs...', Array, true)
#8 C:\yii\framework\web\CController.php(782): CController->renderPartial('register', Array, true)
#9 C:\xampp\htdocs\mesh\protected\controllers\SiteController.php(51): CController->render('register', Array)
#10 C:\yii\framework\web\actions\CInlineAction.php(49): SiteController->actionIndex()
#11 C:\yii\framework\web\CController.php(308): CInlineAction->runWithParams(Array)
#12 C:\yii\framework\web\CController.php(286): CController->runAction(Object(CInlineAction))
#13 C:\yii\framework\web\CController.php(265): CController->runActionWithFilters(Object(CInlineAction), Array)
#14 C:\yii\framework\web\CWebApplication.php(282): CController->run('')
#15 C:\yii\framework\web\CWebApplication.php(141): CWebApplication->runController('')
#16 C:\yii\framework\base\CApplication.php(169): CWebApplication->processRequest()
#17 C:\xampp\htdocs\mesh\index.php(13): CApplication->run()
#18 {main}
REQUEST_URI=/mesh/
---
2013/01/11 15:59:52 [error] [php] Undefined variable: model (C:\xampp\htdocs\mesh\protected\views\site\register.php:24)
Stack trace:
#0 C:\yii\framework\web\CController.php(869): SiteController->renderFile()
#1 C:\yii\framework\web\CController.php(782): SiteController->renderPartial()
#2 C:\xampp\htdocs\mesh\protected\controllers\SiteController.php(52): SiteController->render()
#3 C:\yii\framework\web\actions\CInlineAction.php(49): SiteController->actionIndex()
#4 C:\yii\framework\web\CController.php(308): CInlineAction->runWithParams()
#5 C:\yii\framework\web\CController.php(286): SiteController->runAction()
#6 C:\yii\framework\web\CController.php(265): SiteController->runActionWithFilters()
#7 C:\yii\framework\web\CWebApplication.php(282): SiteController->run()
#8 C:\yii\framework\web\CWebApplication.php(141): CWebApplication->runController()
#9 C:\yii\framework\base\CApplication.php(169): CWebApplication->processRequest()
#10 C:\xampp\htdocs\mesh\index.php(13): CWebApplication->run()
REQUEST_URI=/mesh/
in C:\xampp\htdocs\mesh\protected\views\site\register.php (24)
in C:\xampp\htdocs\mesh\protected\controllers\SiteController.php (52)
in C:\xampp\htdocs\mesh\index.php (13)
2013/01/11 16:00:40 [error] [exception.CException] exception 'CException' with message 'Property "RegisterForm.cpassword" is not defined.' in C:\yii\framework\base\CComponent.php:130
Stack trace:
#0 C:\yii\framework\web\helpers\CHtml.php(2255): CComponent->__get('cpassword')
#1 C:\yii\framework\web\helpers\CHtml.php(1980): CHtml::resolveValue(Object(RegisterForm), 'cpassword')
#2 C:\yii\framework\web\helpers\CHtml.php(1391): CHtml::activeInputField('password', Object(RegisterForm), 'cpassword', Array)
#3 C:\yii\framework\web\widgets\CActiveForm.php(687): CHtml::activePasswordField(Object(RegisterForm), 'cpassword', Array)
#4 C:\xampp\htdocs\mesh\protected\views\site\register.php(45): CActiveForm->passwordField(Object(RegisterForm), 'cpassword', Array)
#5 C:\yii\framework\web\CBaseController.php(126): require('C:\xampp\htdocs...')
#6 C:\yii\framework\web\CBaseController.php(95): CBaseController->renderInternal('C:\xampp\htdocs...', Array, true)
#7 C:\yii\framework\web\CController.php(869): CBaseController->renderFile('C:\xampp\htdocs...', Array, true)
#8 C:\yii\framework\web\CController.php(782): CController->renderPartial('register', Array, true)
#9 C:\xampp\htdocs\mesh\protected\controllers\SiteController.php(52): CController->render('register', Array)
#10 C:\yii\framework\web\actions\CInlineAction.php(49): SiteController->actionIndex()
#11 C:\yii\framework\web\CController.php(308): CInlineAction->runWithParams(Array)
#12 C:\yii\framework\web\CController.php(286): CController->runAction(Object(CInlineAction))
#13 C:\yii\framework\web\CController.php(265): CController->runActionWithFilters(Object(CInlineAction), Array)
#14 C:\yii\framework\web\CWebApplication.php(282): CController->run('')
#15 C:\yii\framework\web\CWebApplication.php(141): CWebApplication->runController('')
#16 C:\yii\framework\base\CApplication.php(169): CWebApplication->processRequest()
#17 C:\xampp\htdocs\mesh\index.php(13): CApplication->run()
#18 {main}
REQUEST_URI=/mesh/
---
2013/01/11 17:02:24 [warning] [application] Failed to set unsafe attribute "cpassword" of "RegisterForm".
in C:\xampp\htdocs\mesh\protected\controllers\SiteController.php (153)
in C:\xampp\htdocs\mesh\index.php (13)
2013/01/11 17:23:31 [error] [exception.CDbException] exception 'CDbException' with message 'No columns are being updated for table "base_user".' in C:\yii\framework\db\schema\CDbCommandBuilder.php:290
Stack trace:
#0 C:\yii\framework\db\ar\CActiveRecord.php(1690): CDbCommandBuilder->createUpdateCommand(Object(CMysqlTableSchema), Array, Object(CDbCriteria))
#1 C:\yii\framework\db\ar\CActiveRecord.php(1070): CActiveRecord->updateByPk(NULL, Array)
#2 C:\yii\framework\db\ar\CActiveRecord.php(795): CActiveRecord->update(Array)
#3 C:\xampp\htdocs\mesh\protected\controllers\SiteController.php(159): CActiveRecord->save(false, Array)
#4 C:\yii\framework\web\actions\CInlineAction.php(49): SiteController->actionRegister()
#5 C:\yii\framework\web\CController.php(308): CInlineAction->runWithParams(Array)
#6 C:\yii\framework\web\CController.php(286): CController->runAction(Object(CInlineAction))
#7 C:\yii\framework\web\CController.php(265): CController->runActionWithFilters(Object(CInlineAction), Array)
#8 C:\yii\framework\web\CWebApplication.php(282): CController->run('register')
#9 C:\yii\framework\web\CWebApplication.php(141): CWebApplication->runController('site/register')
#10 C:\yii\framework\base\CApplication.php(169): CWebApplication->processRequest()
#11 C:\xampp\htdocs\mesh\index.php(13): CApplication->run()
#12 {main}
REQUEST_URI=/mesh/index.php?r=site/register
HTTP_REFERER=http://localhost/mesh/
---
2013/01/11 17:25:26 [error] [exception.CDbException] exception 'CDbException' with message 'No columns are being updated for table "base_user".' in C:\yii\framework\db\schema\CDbCommandBuilder.php:290
Stack trace:
#0 C:\yii\framework\db\ar\CActiveRecord.php(1690): CDbCommandBuilder->createUpdateCommand(Object(CMysqlTableSchema), Array, Object(CDbCriteria))
#1 C:\yii\framework\db\ar\CActiveRecord.php(1070): CActiveRecord->updateByPk(NULL, Array)
#2 C:\yii\framework\db\ar\CActiveRecord.php(795): CActiveRecord->update(Array)
#3 C:\xampp\htdocs\mesh\protected\controllers\SiteController.php(159): CActiveRecord->save(false, Array)
#4 C:\yii\framework\web\actions\CInlineAction.php(49): SiteController->actionRegister()
#5 C:\yii\framework\web\CController.php(308): CInlineAction->runWithParams(Array)
#6 C:\yii\framework\web\CController.php(286): CController->runAction(Object(CInlineAction))
#7 C:\yii\framework\web\CController.php(265): CController->runActionWithFilters(Object(CInlineAction), Array)
#8 C:\yii\framework\web\CWebApplication.php(282): CController->run('register')
#9 C:\yii\framework\web\CWebApplication.php(141): CWebApplication->runController('site/register')
#10 C:\yii\framework\base\CApplication.php(169): CWebApplication->processRequest()
#11 C:\xampp\htdocs\mesh\index.php(13): CApplication->run()
#12 {main}
REQUEST_URI=/mesh/index.php?r=site/register
HTTP_REFERER=http://localhost/mesh/
---
2013/01/11 17:27:53 [error] [system.db.CDbCommand] CDbCommand::execute() failed: SQLSTATE[23000]: Integrity constraint violation: 1062 Duplicate entry '' for key 'email'. The SQL statement executed was: INSERT INTO `base_user` (`id`) VALUES (NULL).
in C:\xampp\htdocs\mesh\protected\controllers\SiteController.php (161)
in C:\xampp\htdocs\mesh\index.php (13)
2013/01/11 17:27:53 [error] [exception.CDbException] exception 'CDbException' with message 'CDbCommand failed to execute the SQL statement: SQLSTATE[23000]: Integrity constraint violation: 1062 Duplicate entry '' for key 'email'. The SQL statement executed was: INSERT INTO `base_user` (`id`) VALUES (NULL)' in C:\yii\framework\db\CDbCommand.php:357
Stack trace:
#0 C:\yii\framework\db\ar\CActiveRecord.php(1023): CDbCommand->execute()
#1 C:\yii\framework\db\ar\CActiveRecord.php(795): CActiveRecord->insert(Array)
#2 C:\xampp\htdocs\mesh\protected\controllers\SiteController.php(161): CActiveRecord->save(false, Array)
#3 C:\yii\framework\web\actions\CInlineAction.php(49): SiteController->actionRegister()
#4 C:\yii\framework\web\CController.php(308): CInlineAction->runWithParams(Array)
#5 C:\yii\framework\web\CController.php(286): CController->runAction(Object(CInlineAction))
#6 C:\yii\framework\web\CController.php(265): CController->runActionWithFilters(Object(CInlineAction), Array)
#7 C:\yii\framework\web\CWebApplication.php(282): CController->run('register')
#8 C:\yii\framework\web\CWebApplication.php(141): CWebApplication->runController('site/register')
#9 C:\yii\framework\base\CApplication.php(169): CWebApplication->processRequest()
#10 C:\xampp\htdocs\mesh\index.php(13): CApplication->run()
#11 {main}
REQUEST_URI=/mesh/index.php?r=site/register
HTTP_REFERER=http://localhost/mesh/
---
2013/01/11 17:30:41 [error] [system.db.CDbCommand] CDbCommand::execute() failed: SQLSTATE[23000]: Integrity constraint violation: 1062 Duplicate entry '' for key 'email'. The SQL statement executed was: INSERT INTO `base_user` (`id`) VALUES (NULL).
in C:\xampp\htdocs\mesh\protected\controllers\SiteController.php (160)
in C:\xampp\htdocs\mesh\index.php (13)
2013/01/11 17:30:41 [error] [exception.CDbException] exception 'CDbException' with message 'CDbCommand failed to execute the SQL statement: SQLSTATE[23000]: Integrity constraint violation: 1062 Duplicate entry '' for key 'email'. The SQL statement executed was: INSERT INTO `base_user` (`id`) VALUES (NULL)' in C:\yii\framework\db\CDbCommand.php:357
Stack trace:
#0 C:\yii\framework\db\ar\CActiveRecord.php(1023): CDbCommand->execute()
#1 C:\yii\framework\db\ar\CActiveRecord.php(795): CActiveRecord->insert(Array)
#2 C:\xampp\htdocs\mesh\protected\controllers\SiteController.php(160): CActiveRecord->save(false, Array)
#3 C:\yii\framework\web\actions\CInlineAction.php(49): SiteController->actionRegister()
#4 C:\yii\framework\web\CController.php(308): CInlineAction->runWithParams(Array)
#5 C:\yii\framework\web\CController.php(286): CController->runAction(Object(CInlineAction))
#6 C:\yii\framework\web\CController.php(265): CController->runActionWithFilters(Object(CInlineAction), Array)
#7 C:\yii\framework\web\CWebApplication.php(282): CController->run('register')
#8 C:\yii\framework\web\CWebApplication.php(141): CWebApplication->runController('site/register')
#9 C:\yii\framework\base\CApplication.php(169): CWebApplication->processRequest()
#10 C:\xampp\htdocs\mesh\index.php(13): CApplication->run()
#11 {main}
REQUEST_URI=/mesh/index.php?r=site/register
HTTP_REFERER=http://localhost/mesh/
---
2013/01/11 18:01:35 [error] [exception.CException] exception 'CException' with message 'SiteController cannot find the requested view "register".' in C:\yii\framework\web\CController.php:878
Stack trace:
#0 C:\xampp\htdocs\mesh\protected\controllers\SiteController.php(57): CController->renderPartial('register', Array, true)
#1 C:\yii\framework\web\actions\CInlineAction.php(49): SiteController->actionIndex()
#2 C:\yii\framework\web\CController.php(308): CInlineAction->runWithParams(Array)
#3 C:\yii\framework\web\CController.php(286): CController->runAction(Object(CInlineAction))
#4 C:\yii\framework\web\CController.php(265): CController->runActionWithFilters(Object(CInlineAction), Array)
#5 C:\yii\framework\web\CWebApplication.php(282): CController->run('')
#6 C:\yii\framework\web\CWebApplication.php(141): CWebApplication->runController('')
#7 C:\yii\framework\base\CApplication.php(169): CWebApplication->processRequest()
#8 C:\xampp\htdocs\mesh\index.php(13): CApplication->run()
#9 {main}
REQUEST_URI=/mesh/
---
2013/01/11 18:02:42 [error] [php] Missing argument 1 for CController::__construct(), called in C:\xampp\htdocs\mesh\protected\controllers\SiteController.php on line 30 and defined (C:\yii\framework\web\CController.php:110)
Stack trace:
#0 C:\yii\framework\web\CWebApplication.php(276): CWebApplication->createController()
#1 C:\yii\framework\web\CWebApplication.php(141): CWebApplication->runController()
#2 C:\yii\framework\base\CApplication.php(169): CWebApplication->processRequest()
#3 C:\xampp\htdocs\mesh\index.php(13): CWebApplication->run()
REQUEST_URI=/mesh/
in C:\xampp\htdocs\mesh\protected\controllers\SiteController.php (30)
in C:\xampp\htdocs\mesh\index.php (13)
2013/01/11 18:08:43 [warning] [application] Failed to set unsafe attribute "username" of "LoginForm".
in C:\xampp\htdocs\mesh\protected\controllers\SiteController.php (128)
in C:\xampp\htdocs\mesh\index.php (13)
2013/01/11 18:08:43 [error] [exception.CException] exception 'CException' with message 'Property "LoginForm.email" is not defined.' in C:\yii\framework\base\CComponent.php:130
Stack trace:
#0 C:\yii\framework\validators\CRequiredValidator.php(51): CComponent->__get('email')
#1 C:\yii\framework\validators\CValidator.php(213): CRequiredValidator->validateAttribute(Object(LoginForm), 'email')
#2 C:\yii\framework\base\CModel.php(159): CValidator->validate(Object(LoginForm), NULL)
#3 C:\xampp\htdocs\mesh\protected\controllers\SiteController.php(130): CModel->validate()
#4 C:\yii\framework\web\actions\CInlineAction.php(49): SiteController->actionLogin()
#5 C:\yii\framework\web\CController.php(308): CInlineAction->runWithParams(Array)
#6 C:\yii\framework\web\CController.php(286): CController->runAction(Object(CInlineAction))
#7 C:\yii\framework\web\CController.php(265): CController->runActionWithFilters(Object(CInlineAction), Array)
#8 C:\yii\framework\web\CWebApplication.php(282): CController->run('login')
#9 C:\yii\framework\web\CWebApplication.php(141): CWebApplication->runController('site/login')
#10 C:\yii\framework\base\CApplication.php(169): CWebApplication->processRequest()
#11 C:\xampp\htdocs\mesh\index.php(13): CApplication->run()
#12 {main}
REQUEST_URI=/mesh/index.php?r=site/login
HTTP_REFERER=http://localhost/mesh/
---
2013/01/11 18:09:59 [warning] [application] Failed to set unsafe attribute "username" of "LoginForm".
in C:\xampp\htdocs\mesh\protected\controllers\SiteController.php (128)
in C:\xampp\htdocs\mesh\index.php (13)
2013/01/11 18:11:03 [warning] [application] Failed to set unsafe attribute "username" of "LoginForm".
in C:\xampp\htdocs\mesh\protected\controllers\SiteController.php (129)
in C:\xampp\htdocs\mesh\index.php (13)
2013/01/11 18:12:34 [error] [exception.CDbException] exception 'CDbException' with message 'Table "base_user" does not have a column named "username".' in C:\yii\framework\db\schema\CDbCommandBuilder.php:591
Stack trace:
#0 C:\yii\framework\db\ar\CActiveRecord.php(1464): CDbCommandBuilder->createColumnCriteria(Object(CMysqlTableSchema), Array, '', Array, '`t`.')
#1 C:\xampp\htdocs\mesh\protected\components\UserIdentity.php(20): CActiveRecord->findByAttributes(Array)
#2 C:\xampp\htdocs\mesh\protected\models\LoginForm.php(52): UserIdentity->authenticate()
#3 C:\yii\framework\validators\CInlineValidator.php(42): LoginForm->authenticate('password', Array)
#4 C:\yii\framework\validators\CValidator.php(213): CInlineValidator->validateAttribute(Object(LoginForm), 'password')
#5 C:\yii\framework\base\CModel.php(159): CValidator->validate(Object(LoginForm), NULL)
#6 C:\xampp\htdocs\mesh\protected\controllers\SiteController.php(131): CModel->validate()
#7 C:\yii\framework\web\actions\CInlineAction.php(49): SiteController->actionLogin()
#8 C:\yii\framework\web\CController.php(308): CInlineAction->runWithParams(Array)
#9 C:\yii\framework\web\CController.php(286): CController->runAction(Object(CInlineAction))
#10 C:\yii\framework\web\CController.php(265): CController->runActionWithFilters(Object(CInlineAction), Array)
#11 C:\yii\framework\web\CWebApplication.php(282): CController->run('login')
#12 C:\yii\framework\web\CWebApplication.php(141): CWebApplication->runController('site/login')
#13 C:\yii\framework\base\CApplication.php(169): CWebApplication->processRequest()
#14 C:\xampp\htdocs\mesh\index.php(13): CApplication->run()
#15 {main}
REQUEST_URI=/mesh/index.php?r=site/login
HTTP_REFERER=http://localhost/mesh/
---
2013/01/11 18:13:33 [error] [php] Undefined variable: registerform (C:\xampp\htdocs\mesh\protected\views\site\login.php:44)
Stack trace:
#0 C:\yii\framework\web\CController.php(869): SiteController->renderFile()
#1 C:\yii\framework\web\CController.php(782): SiteController->renderPartial()
#2 C:\xampp\htdocs\mesh\protected\controllers\SiteController.php(135): SiteController->render()
#3 C:\yii\framework\web\actions\CInlineAction.php(49): SiteController->actionLogin()
#4 C:\yii\framework\web\CController.php(308): CInlineAction->runWithParams()
#5 C:\yii\framework\web\CController.php(286): SiteController->runAction()
#6 C:\yii\framework\web\CController.php(265): SiteController->runActionWithFilters()
#7 C:\yii\framework\web\CWebApplication.php(282): SiteController->run()
#8 C:\yii\framework\web\CWebApplication.php(141): CWebApplication->runController()
#9 C:\yii\framework\base\CApplication.php(169): CWebApplication->processRequest()
#10 C:\xampp\htdocs\mesh\index.php(13): CWebApplication->run()
REQUEST_URI=/mesh/index.php?r=site/login
in C:\xampp\htdocs\mesh\protected\views\site\login.php (44)
in C:\xampp\htdocs\mesh\protected\controllers\SiteController.php (135)
in C:\xampp\htdocs\mesh\index.php (13)
2013/01/11 18:14:36 [error] [php] Undefined variable: registerform (C:\xampp\htdocs\mesh\protected\views\site\login.php:44)
Stack trace:
#0 C:\yii\framework\web\CController.php(869): SiteController->renderFile()
#1 C:\yii\framework\web\CController.php(782): SiteController->renderPartial()
#2 C:\xampp\htdocs\mesh\protected\controllers\SiteController.php(135): SiteController->render()
#3 C:\yii\framework\web\actions\CInlineAction.php(49): SiteController->actionLogin()
#4 C:\yii\framework\web\CController.php(308): CInlineAction->runWithParams()
#5 C:\yii\framework\web\CController.php(286): SiteController->runAction()
#6 C:\yii\framework\web\CController.php(265): SiteController->runActionWithFilters()
#7 C:\yii\framework\web\CWebApplication.php(282): SiteController->run()
#8 C:\yii\framework\web\CWebApplication.php(141): CWebApplication->runController()
#9 C:\yii\framework\base\CApplication.php(169): CWebApplication->processRequest()
#10 C:\xampp\htdocs\mesh\index.php(13): CWebApplication->run()
REQUEST_URI=/mesh/index.php?r=site/login
in C:\xampp\htdocs\mesh\protected\views\site\login.php (44)
in C:\xampp\htdocs\mesh\protected\controllers\SiteController.php (135)
in C:\xampp\htdocs\mesh\index.php (13)
2013/01/11 18:15:38 [error] [php] Undefined variable: registerform (C:\xampp\htdocs\mesh\protected\views\site\login.php:44)
Stack trace:
#0 C:\yii\framework\web\CController.php(869): SiteController->renderFile()
#1 C:\yii\framework\web\CController.php(782): SiteController->renderPartial()
#2 C:\xampp\htdocs\mesh\protected\controllers\SiteController.php(135): SiteController->render()
#3 C:\yii\framework\web\actions\CInlineAction.php(49): SiteController->actionLogin()
#4 C:\yii\framework\web\CController.php(308): CInlineAction->runWithParams()
#5 C:\yii\framework\web\CController.php(286): SiteController->runAction()
#6 C:\yii\framework\web\CController.php(265): SiteController->runActionWithFilters()
#7 C:\yii\framework\web\CWebApplication.php(282): SiteController->run()
#8 C:\yii\framework\web\CWebApplication.php(141): CWebApplication->runController()
#9 C:\yii\framework\base\CApplication.php(169): CWebApplication->processRequest()
#10 C:\xampp\htdocs\mesh\index.php(13): CWebApplication->run()
REQUEST_URI=/mesh/index.php?r=site/login
in C:\xampp\htdocs\mesh\protected\views\site\login.php (44)
in C:\xampp\htdocs\mesh\protected\controllers\SiteController.php (135)
in C:\xampp\htdocs\mesh\index.php (13)
2013/01/11 18:18:01 [error] [php] Undefined variable: registerform (C:\xampp\htdocs\mesh\protected\views\site\login.php:44)
Stack trace:
#0 C:\yii\framework\web\CController.php(869): SiteController->renderFile()
#1 C:\yii\framework\web\CController.php(782): SiteController->renderPartial()
#2 C:\xampp\htdocs\mesh\protected\controllers\SiteController.php(135): SiteController->render()
#3 C:\yii\framework\web\actions\CInlineAction.php(49): SiteController->actionLogin()
#4 C:\yii\framework\web\CController.php(308): CInlineAction->runWithParams()
#5 C:\yii\framework\web\CController.php(286): SiteController->runAction()
#6 C:\yii\framework\web\CController.php(265): SiteController->runActionWithFilters()
#7 C:\yii\framework\web\CWebApplication.php(282): SiteController->run()
#8 C:\yii\framework\web\CWebApplication.php(141): CWebApplication->runController()
#9 C:\yii\framework\base\CApplication.php(169): CWebApplication->processRequest()
#10 C:\xampp\htdocs\mesh\index.php(13): CWebApplication->run()
REQUEST_URI=/mesh/index.php?r=site/login
in C:\xampp\htdocs\mesh\protected\views\site\login.php (44)
in C:\xampp\htdocs\mesh\protected\controllers\SiteController.php (135)
in C:\xampp\htdocs\mesh\index.php (13)
2013/01/11 18:19:21 [error] [php] Undefined variable: registerform (C:\xampp\htdocs\mesh\protected\views\site\login.php:44)
Stack trace:
#0 C:\yii\framework\web\CController.php(869): SiteController->renderFile()
#1 C:\yii\framework\web\CController.php(782): SiteController->renderPartial()
#2 C:\xampp\htdocs\mesh\protected\controllers\SiteController.php(136): SiteController->render()
#3 C:\yii\framework\web\actions\CInlineAction.php(49): SiteController->actionLogin()
#4 C:\yii\framework\web\CController.php(308): CInlineAction->runWithParams()
#5 C:\yii\framework\web\CController.php(286): SiteController->runAction()
#6 C:\yii\framework\web\CController.php(265): SiteController->runActionWithFilters()
#7 C:\yii\framework\web\CWebApplication.php(282): SiteController->run()
#8 C:\yii\framework\web\CWebApplication.php(141): CWebApplication->runController()
#9 C:\yii\framework\base\CApplication.php(169): CWebApplication->processRequest()
#10 C:\xampp\htdocs\mesh\index.php(13): CWebApplication->run()
REQUEST_URI=/mesh/index.php?r=site/login
in C:\xampp\htdocs\mesh\protected\views\site\login.php (44)
in C:\xampp\htdocs\mesh\protected\controllers\SiteController.php (136)
in C:\xampp\htdocs\mesh\index.php (13)
2013/01/11 18:20:29 [error] [php] Undefined variable: registerform (C:\xampp\htdocs\mesh\protected\views\site\login.php:44)
Stack trace:
#0 C:\yii\framework\web\CController.php(869): SiteController->renderFile()
#1 C:\yii\framework\web\CController.php(782): SiteController->renderPartial()
#2 C:\xampp\htdocs\mesh\protected\controllers\SiteController.php(138): SiteController->render()
#3 C:\yii\framework\web\actions\CInlineAction.php(49): SiteController->actionLogin()
#4 C:\yii\framework\web\CController.php(308): CInlineAction->runWithParams()
#5 C:\yii\framework\web\CController.php(286): SiteController->runAction()
#6 C:\yii\framework\web\CController.php(265): SiteController->runActionWithFilters()
#7 C:\yii\framework\web\CWebApplication.php(282): SiteController->run()
#8 C:\yii\framework\web\CWebApplication.php(141): CWebApplication->runController()
#9 C:\yii\framework\base\CApplication.php(169): CWebApplication->processRequest()
#10 C:\xampp\htdocs\mesh\index.php(13): CWebApplication->run()
REQUEST_URI=/mesh/index.php?r=site/login
in C:\xampp\htdocs\mesh\protected\views\site\login.php (44)
in C:\xampp\htdocs\mesh\protected\controllers\SiteController.php (138)
in C:\xampp\htdocs\mesh\index.php (13)
2013/01/11 18:21:42 [error] [php] Undefined variable: registerform (C:\xampp\htdocs\mesh\protected\views\site\login.php:44)
Stack trace:
#0 C:\yii\framework\web\CController.php(869): SiteController->renderFile()
#1 C:\yii\framework\web\CController.php(782): SiteController->renderPartial()
#2 C:\xampp\htdocs\mesh\protected\controllers\SiteController.php(138): SiteController->render()
#3 C:\yii\framework\web\actions\CInlineAction.php(49): SiteController->actionLogin()
#4 C:\yii\framework\web\CController.php(308): CInlineAction->runWithParams()
#5 C:\yii\framework\web\CController.php(286): SiteController->runAction()
#6 C:\yii\framework\web\CController.php(265): SiteController->runActionWithFilters()
#7 C:\yii\framework\web\CWebApplication.php(282): SiteController->run()
#8 C:\yii\framework\web\CWebApplication.php(141): CWebApplication->runController()
#9 C:\yii\framework\base\CApplication.php(169): CWebApplication->processRequest()
#10 C:\xampp\htdocs\mesh\index.php(13): CWebApplication->run()
REQUEST_URI=/mesh/index.php?r=site/login
in C:\xampp\htdocs\mesh\protected\views\site\login.php (44)
in C:\xampp\htdocs\mesh\protected\controllers\SiteController.php (138)
in C:\xampp\htdocs\mesh\index.php (13)
2013/01/11 18:26:18 [warning] [application] Failed to set unsafe attribute "rememberMe" of "LoginForm".
in C:\xampp\htdocs\mesh\protected\controllers\SiteController.php (129)
in C:\xampp\htdocs\mesh\index.php (13)
2013/01/11 18:26:18 [error] [php] Undefined variable: registerform (C:\xampp\htdocs\mesh\protected\views\site\login.php:44)
Stack trace:
#0 C:\yii\framework\web\CController.php(869): SiteController->renderFile()
#1 C:\yii\framework\web\CController.php(782): SiteController->renderPartial()
#2 C:\xampp\htdocs\mesh\protected\controllers\SiteController.php(139): SiteController->render()
#3 C:\yii\framework\web\actions\CInlineAction.php(49): SiteController->actionLogin()
#4 C:\yii\framework\web\CController.php(308): CInlineAction->runWithParams()
#5 C:\yii\framework\web\CController.php(286): SiteController->runAction()
#6 C:\yii\framework\web\CController.php(265): SiteController->runActionWithFilters()
#7 C:\yii\framework\web\CWebApplication.php(282): SiteController->run()
#8 C:\yii\framework\web\CWebApplication.php(141): CWebApplication->runController()
#9 C:\yii\framework\base\CApplication.php(169): CWebApplication->processRequest()
#10 C:\xampp\htdocs\mesh\index.php(13): CWebApplication->run()
REQUEST_URI=/mesh/index.php?r=site/login
in C:\xampp\htdocs\mesh\protected\views\site\login.php (44)
in C:\xampp\htdocs\mesh\protected\controllers\SiteController.php (139)
in C:\xampp\htdocs\mesh\index.php (13)
2013/01/11 18:26:40 [warning] [application] Failed to set unsafe attribute "rememberMe" of "LoginForm".
in C:\xampp\htdocs\mesh\protected\controllers\SiteController.php (129)
in C:\xampp\htdocs\mesh\index.php (13)
2013/01/11 18:26:40 [error] [php] Undefined variable: registerform (C:\xampp\htdocs\mesh\protected\views\site\login.php:44)
Stack trace:
#0 C:\yii\framework\web\CController.php(869): SiteController->renderFile()
#1 C:\yii\framework\web\CController.php(782): SiteController->renderPartial()
#2 C:\xampp\htdocs\mesh\protected\controllers\SiteController.php(139): SiteController->render()
#3 C:\yii\framework\web\actions\CInlineAction.php(49): SiteController->actionLogin()
#4 C:\yii\framework\web\CController.php(308): CInlineAction->runWithParams()
#5 C:\yii\framework\web\CController.php(286): SiteController->runAction()
#6 C:\yii\framework\web\CController.php(265): SiteController->runActionWithFilters()
#7 C:\yii\framework\web\CWebApplication.php(282): SiteController->run()
#8 C:\yii\framework\web\CWebApplication.php(141): CWebApplication->runController()
#9 C:\yii\framework\base\CApplication.php(169): CWebApplication->processRequest()
#10 C:\xampp\htdocs\mesh\index.php(13): CWebApplication->run()
REQUEST_URI=/mesh/index.php?r=site/login
in C:\xampp\htdocs\mesh\protected\views\site\login.php (44)
in C:\xampp\htdocs\mesh\protected\controllers\SiteController.php (139)
in C:\xampp\htdocs\mesh\index.php (13)
2013/01/11 18:27:13 [warning] [application] Failed to set unsafe attribute "username" of "LoginForm".
in C:\xampp\htdocs\mesh\protected\controllers\SiteController.php (129)
in C:\xampp\htdocs\mesh\index.php (13)
2013/01/11 18:27:13 [warning] [application] Failed to set unsafe attribute "password" of "LoginForm".
in C:\xampp\htdocs\mesh\protected\controllers\SiteController.php (129)
in C:\xampp\htdocs\mesh\index.php (13)
2013/01/11 18:27:13 [warning] [application] Failed to set unsafe attribute "rememberMe" of "LoginForm".
in C:\xampp\htdocs\mesh\protected\controllers\SiteController.php (129)
in C:\xampp\htdocs\mesh\index.php (13)
2013/01/11 18:27:33 [warning] [application] Failed to set unsafe attribute "username" of "LoginForm".
in C:\xampp\htdocs\mesh\protected\controllers\SiteController.php (129)
in C:\xampp\htdocs\mesh\index.php (13)
2013/01/11 18:27:33 [warning] [application] Failed to set unsafe attribute "rememberMe" of "LoginForm".
in C:\xampp\htdocs\mesh\protected\controllers\SiteController.php (129)
in C:\xampp\htdocs\mesh\index.php (13)
2013/01/11 18:27:33 [error] [php] Undefined variable: registerform (C:\xampp\htdocs\mesh\protected\views\site\login.php:44)
Stack trace:
#0 C:\yii\framework\web\CController.php(869): SiteController->renderFile()
#1 C:\yii\framework\web\CController.php(782): SiteController->renderPartial()
#2 C:\xampp\htdocs\mesh\protected\controllers\SiteController.php(139): SiteController->render()
#3 C:\yii\framework\web\actions\CInlineAction.php(49): SiteController->actionLogin()
#4 C:\yii\framework\web\CController.php(308): CInlineAction->runWithParams()
#5 C:\yii\framework\web\CController.php(286): SiteController->runAction()
#6 C:\yii\framework\web\CController.php(265): SiteController->runActionWithFilters()
#7 C:\yii\framework\web\CWebApplication.php(282): SiteController->run()
#8 C:\yii\framework\web\CWebApplication.php(141): CWebApplication->runController()
#9 C:\yii\framework\base\CApplication.php(169): CWebApplication->processRequest()
#10 C:\xampp\htdocs\mesh\index.php(13): CWebApplication->run()
REQUEST_URI=/mesh/index.php?r=site/login
in C:\xampp\htdocs\mesh\protected\views\site\login.php (44)
in C:\xampp\htdocs\mesh\protected\controllers\SiteController.php (139)
in C:\xampp\htdocs\mesh\index.php (13)
2013/01/11 18:27:58 [warning] [application] Failed to set unsafe attribute "username" of "LoginForm".
in C:\xampp\htdocs\mesh\protected\controllers\SiteController.php (129)
in C:\xampp\htdocs\mesh\index.php (13)
2013/01/11 18:27:58 [warning] [application] Failed to set unsafe attribute "password" of "LoginForm".
in C:\xampp\htdocs\mesh\protected\controllers\SiteController.php (129)
in C:\xampp\htdocs\mesh\index.php (13)
2013/01/11 18:36:18 [error] [exception.CException] exception 'CException' with message 'Property "UserIdentity.id" is read only.' in C:\yii\framework\base\CComponent.php:170
Stack trace:
#0 C:\xampp\htdocs\mesh\protected\components\UserIdentity.php(27): CComponent->__set('id', '6')
#1 C:\xampp\htdocs\mesh\protected\models\LoginForm.php(52): UserIdentity->authenticate()
#2 C:\yii\framework\validators\CInlineValidator.php(42): LoginForm->authenticate('password', Array)
#3 C:\yii\framework\validators\CValidator.php(213): CInlineValidator->validateAttribute(Object(LoginForm), 'password')
#4 C:\yii\framework\base\CModel.php(159): CValidator->validate(Object(LoginForm), NULL)
#5 C:\xampp\htdocs\mesh\protected\controllers\SiteController.php(132): CModel->validate()
#6 C:\yii\framework\web\actions\CInlineAction.php(49): SiteController->actionLogin()
#7 C:\yii\framework\web\CController.php(308): CInlineAction->runWithParams(Array)
#8 C:\yii\framework\web\CController.php(286): CController->runAction(Object(CInlineAction))
#9 C:\yii\framework\web\CController.php(265): CController->runActionWithFilters(Object(CInlineAction), Array)
#10 C:\yii\framework\web\CWebApplication.php(282): CController->run('login')
#11 C:\yii\framework\web\CWebApplication.php(141): CWebApplication->runController('site/login')
#12 C:\yii\framework\base\CApplication.php(169): CWebApplication->processRequest()
#13 C:\xampp\htdocs\mesh\index.php(13): CApplication->run()
#14 {main}
REQUEST_URI=/mesh/index.php?r=site/login
HTTP_REFERER=http://localhost/mesh/
---
2013/01/11 18:36:51 [error] [exception.CException] exception 'CException' with message 'Property "UserIdentity.id" is read only.' in C:\yii\framework\base\CComponent.php:170
Stack trace:
#0 C:\xampp\htdocs\mesh\protected\components\UserIdentity.php(27): CComponent->__set('id', '6')
#1 C:\xampp\htdocs\mesh\protected\models\LoginForm.php(52): UserIdentity->authenticate()
#2 C:\yii\framework\validators\CInlineValidator.php(42): LoginForm->authenticate('password', Array)
#3 C:\yii\framework\validators\CValidator.php(213): CInlineValidator->validateAttribute(Object(LoginForm), 'password')
#4 C:\yii\framework\base\CModel.php(159): CValidator->validate(Object(LoginForm), NULL)
#5 C:\xampp\htdocs\mesh\protected\controllers\SiteController.php(132): CModel->validate()
#6 C:\yii\framework\web\actions\CInlineAction.php(49): SiteController->actionLogin()
#7 C:\yii\framework\web\CController.php(308): CInlineAction->runWithParams(Array)
#8 C:\yii\framework\web\CController.php(286): CController->runAction(Object(CInlineAction))
#9 C:\yii\framework\web\CController.php(265): CController->runActionWithFilters(Object(CInlineAction), Array)
#10 C:\yii\framework\web\CWebApplication.php(282): CController->run('login')
#11 C:\yii\framework\web\CWebApplication.php(141): CWebApplication->runController('site/login')
#12 C:\yii\framework\base\CApplication.php(169): CWebApplication->processRequest()
#13 C:\xampp\htdocs\mesh\index.php(13): CApplication->run()
#14 {main}
REQUEST_URI=/mesh/index.php?r=site/login
HTTP_REFERER=http://localhost/mesh/
---
2013/01/11 18:37:59 [error] [php] Undefined variable: registerform (C:\xampp\htdocs\mesh\protected\views\site\login.php:44)
Stack trace:
#0 C:\yii\framework\web\CController.php(869): SiteController->renderFile()
#1 C:\yii\framework\web\CController.php(782): SiteController->renderPartial()
#2 C:\xampp\htdocs\mesh\protected\controllers\SiteController.php(139): SiteController->render()
#3 C:\yii\framework\web\actions\CInlineAction.php(49): SiteController->actionLogin()
#4 C:\yii\framework\web\CController.php(308): CInlineAction->runWithParams()
#5 C:\yii\framework\web\CController.php(286): SiteController->runAction()
#6 C:\yii\framework\web\CController.php(265): SiteController->runActionWithFilters()
#7 C:\yii\framework\web\CWebApplication.php(282): SiteController->run()
#8 C:\yii\framework\web\CWebApplication.php(141): CWebApplication->runController()
#9 C:\yii\framework\base\CApplication.php(169): CWebApplication->processRequest()
#10 C:\xampp\htdocs\mesh\index.php(13): CWebApplication->run()
REQUEST_URI=/mesh/index.php?r=site/login
in C:\xampp\htdocs\mesh\protected\views\site\login.php (44)
in C:\xampp\htdocs\mesh\protected\controllers\SiteController.php (139)
in C:\xampp\htdocs\mesh\index.php (13)
2013/01/12 06:02:54 [error] [php] Use of undefined constant url - assumed 'url' (C:\xampp\htdocs\mesh\themes\mesh\views\layouts\main.php:19)
Stack trace:
#0 C:\yii\framework\web\widgets\CContentDecorator.php(76): SiteController->renderFile()
#1 C:\yii\framework\web\widgets\CContentDecorator.php(54): CContentDecorator->decorate()
#2 C:\yii\framework\web\widgets\COutputProcessor.php(44): CContentDecorator->processOutput()
#3 C:\yii\framework\web\CBaseController.php(206): CContentDecorator->run()
#4 C:\yii\framework\web\CBaseController.php(300): SiteController->endWidget()
#5 C:\xampp\htdocs\mesh\themes\mesh\views\layouts\column1.php(6): SiteController->endContent()
#6 C:\yii\framework\web\CBaseController.php(126): require()
#7 C:\yii\framework\web\CBaseController.php(95): SiteController->renderInternal()
#8 C:\yii\framework\web\CController.php(784): SiteController->renderFile()
#9 C:\xampp\htdocs\mesh\protected\controllers\SiteController.php(65): SiteController->render()
#10 C:\yii\framework\web\actions\CInlineAction.php(49): SiteController->actionIndex()
#11 C:\yii\framework\web\CController.php(308): CInlineAction->runWithParams()
#12 C:\yii\framework\web\CController.php(286): SiteController->runAction()
#13 C:\yii\framework\web\CController.php(265): SiteController->runActionWithFilters()
#14 C:\yii\framework\web\CWebApplication.php(282): SiteController->run()
#15 C:\yii\framework\web\CWebApplication.php(141): CWebApplication->runController()
#16 C:\yii\framework\base\CApplication.php(169): CWebApplication->processRequest()
#17 C:\xampp\htdocs\mesh\index.php(13): CWebApplication->run()
REQUEST_URI=/mesh/index.php
in C:\xampp\htdocs\mesh\themes\mesh\views\layouts\main.php (19)
in C:\xampp\htdocs\mesh\themes\mesh\views\layouts\column1.php (6)
in C:\xampp\htdocs\mesh\protected\controllers\SiteController.php (65)
2013/01/12 06:45:52 [error] [exception.CException] exception 'CException' with message 'CWebApplication and its behaviors do not have a method or closure named "registerScriptFile".' in C:\yii\framework\base\CComponent.php:265
Stack trace:
#0 C:\xampp\htdocs\mesh\themes\mesh\views\layouts\main.php(14): CComponent->__call('registerScriptF...', Array)
#1 C:\xampp\htdocs\mesh\themes\mesh\views\layouts\main.php(14): CWebApplication->registerScriptFile('', 0)
#2 C:\yii\framework\web\CBaseController.php(126): require('C:\xampp\htdocs...')
#3 C:\yii\framework\web\CBaseController.php(95): CBaseController->renderInternal('C:\xampp\htdocs...', Array, true)
#4 C:\yii\framework\web\widgets\CContentDecorator.php(76): CBaseController->renderFile('C:\xampp\htdocs...', Array, true)
#5 C:\yii\framework\web\widgets\CContentDecorator.php(54): CContentDecorator->decorate('<div id="conten...')
#6 C:\yii\framework\web\widgets\COutputProcessor.php(44): CContentDecorator->processOutput('<div id="conten...')
#7 C:\yii\framework\web\CBaseController.php(206): COutputProcessor->run()
#8 C:\yii\framework\web\CBaseController.php(300): CBaseController->endWidget('CContentDecorat...')
#9 C:\xampp\htdocs\mesh\themes\mesh\views\layouts\column1.php(6): CBaseController->endContent()
#10 C:\yii\framework\web\CBaseController.php(126): require('C:\xampp\htdocs...')
#11 C:\yii\framework\web\CBaseController.php(95): CBaseController->renderInternal('C:\xampp\htdocs...', Array, true)
#12 C:\yii\framework\web\CController.php(784): CBaseController->renderFile('C:\xampp\htdocs...', Array, true)
#13 C:\xampp\htdocs\mesh\protected\controllers\SiteController.php(65): CController->render('login', Array)
#14 C:\yii\framework\web\actions\CInlineAction.php(49): SiteController->actionIndex()
#15 C:\yii\framework\web\CController.php(308): CInlineAction->runWithParams(Array)
#16 C:\yii\framework\web\CController.php(286): CController->runAction(Object(CInlineAction))
#17 C:\yii\framework\web\CController.php(265): CController->runActionWithFilters(Object(CInlineAction), Array)
#18 C:\yii\framework\web\CWebApplication.php(282): CController->run('')
#19 C:\yii\framework\web\CWebApplication.php(141): CWebApplication->runController('')
#20 C:\yii\framework\base\CApplication.php(169): CWebApplication->processRequest()
#21 C:\xampp\htdocs\mesh\index.php(13): CApplication->run()
#22 {main}
REQUEST_URI=/mesh/index.php
HTTP_REFERER=http://localhost/mesh/
---
2013/01/13 07:10:50 [error] [php] include(NeoUser.php): failed to open stream: No such file or directory (C:\yii\framework\YiiBase.php:421)
Stack trace:
#0 C:\xampp\htdocs\mesh\protected\controllers\SiteController.php(180): spl_autoload_call()
#1 C:\yii\framework\web\actions\CInlineAction.php(49): SiteController->actionRegister()
#2 C:\yii\framework\web\CController.php(308): CInlineAction->runWithParams()
#3 C:\yii\framework\web\CController.php(286): SiteController->runAction()
#4 C:\yii\framework\web\CController.php(265): SiteController->runActionWithFilters()
#5 C:\yii\framework\web\CWebApplication.php(282): SiteController->run()
#6 C:\yii\framework\web\CWebApplication.php(141): CWebApplication->runController()
#7 C:\yii\framework\base\CApplication.php(169): CWebApplication->processRequest()
#8 C:\xampp\htdocs\mesh\index.php(13): CWebApplication->run()
REQUEST_URI=/mesh/index.php?r=site/register
in C:\xampp\htdocs\mesh\protected\controllers\SiteController.php (180)
in C:\xampp\htdocs\mesh\index.php (13)
2013/01/13 07:12:44 [error] [system.db.CDbCommand] CDbCommand::execute() failed: SQLSTATE[23000]: Integrity constraint violation: 1062 Duplicate entry 'adeb6600@gmail.com' for key 'email'. The SQL statement executed was: INSERT INTO `base_user` (`email`, `password`, `joinStamp`, `activityStamp`, `emailVerify`, `joinIp`) VALUES (:yp0, :yp1, :yp2, :yp3, :yp4, :yp5).
in C:\xampp\htdocs\mesh\protected\controllers\SiteController.php (177)
in C:\xampp\htdocs\mesh\index.php (13)
2013/01/13 07:12:44 [error] [exception.CDbException] exception 'CDbException' with message 'CDbCommand failed to execute the SQL statement: SQLSTATE[23000]: Integrity constraint violation: 1062 Duplicate entry 'adeb6600@gmail.com' for key 'email'. The SQL statement executed was: INSERT INTO `base_user` (`email`, `password`, `joinStamp`, `activityStamp`, `emailVerify`, `joinIp`) VALUES (:yp0, :yp1, :yp2, :yp3, :yp4, :yp5)' in C:\yii\framework\db\CDbCommand.php:357
Stack trace:
#0 C:\yii\framework\db\ar\CActiveRecord.php(1023): CDbCommand->execute()
#1 C:\yii\framework\db\ar\CActiveRecord.php(795): CActiveRecord->insert(NULL)
#2 C:\xampp\htdocs\mesh\protected\controllers\SiteController.php(177): CActiveRecord->save()
#3 C:\yii\framework\web\actions\CInlineAction.php(49): SiteController->actionRegister()
#4 C:\yii\framework\web\CController.php(308): CInlineAction->runWithParams(Array)
#5 C:\yii\framework\web\CController.php(286): CController->runAction(Object(CInlineAction))
#6 C:\yii\framework\web\CController.php(265): CController->runActionWithFilters(Object(CInlineAction), Array)
#7 C:\yii\framework\web\CWebApplication.php(282): CController->run('register')
#8 C:\yii\framework\web\CWebApplication.php(141): CWebApplication->runController('site/register')
#9 C:\yii\framework\base\CApplication.php(169): CWebApplication->processRequest()
#10 C:\xampp\htdocs\mesh\index.php(13): CApplication->run()
#11 {main}
REQUEST_URI=/mesh/index.php?r=site/register
HTTP_REFERER=http://localhost/mesh/
---
2013/01/13 07:13:29 [error] [php] Declaration of ENeo4jPropertyContainer::query() should be compatible with EActiveResource::query($route, $method = 'GET', $params = Array, $data = NULL) (C:\xampp\htdocs\mesh\protected\extensions\Neo4Yii\ENeo4jPropertyContainer.php:13)
Stack trace:
#0 C:\xampp\htdocs\mesh\protected\extensions\Neo4Yii\ENeo4jNode.php(14): spl_autoload_call()
#1 C:\yii\framework\YiiBase.php(421): include()
#2 unknown(0): autoload()
#3 C:\xampp\htdocs\mesh\protected\models\Neouser.php(2): spl_autoload_call()
#4 C:\yii\framework\YiiBase.php(421): include()
#5 unknown(0): autoload()
#6 C:\xampp\htdocs\mesh\protected\controllers\SiteController.php(181): spl_autoload_call()
#7 C:\yii\framework\web\actions\CInlineAction.php(49): SiteController->actionRegister()
#8 C:\yii\framework\web\CController.php(308): CInlineAction->runWithParams()
#9 C:\yii\framework\web\CController.php(286): SiteController->runAction()
#10 C:\yii\framework\web\CController.php(265): SiteController->runActionWithFilters()
#11 C:\yii\framework\web\CWebApplication.php(282): SiteController->run()
#12 C:\yii\framework\web\CWebApplication.php(141): CWebApplication->runController()
#13 C:\yii\framework\base\CApplication.php(169): CWebApplication->processRequest()
#14 C:\xampp\htdocs\mesh\index.php(13): CWebApplication->run()
REQUEST_URI=/mesh/index.php?r=site/register
in C:\xampp\htdocs\mesh\protected\extensions\Neo4Yii\ENeo4jPropertyContainer.php (13)
in C:\xampp\htdocs\mesh\protected\extensions\Neo4Yii\ENeo4jNode.php (14)
in C:\xampp\htdocs\mesh\protected\models\Neouser.php (2)
2013/01/13 07:20:22 [error] [php] Declaration of ENeo4jPropertyContainer::query() should be compatible with EActiveResource::query($route, $method = 'GET', $params = Array, $data = NULL) (C:\xampp\htdocs\mesh\protected\extensions\Neo4Yii\ENeo4jPropertyContainer.php:13)
Stack trace:
#0 C:\xampp\htdocs\mesh\protected\extensions\Neo4Yii\ENeo4jNode.php(14): spl_autoload_call()
#1 C:\yii\framework\YiiBase.php(421): include()
#2 unknown(0): autoload()
#3 C:\xampp\htdocs\mesh\protected\models\Neouser.php(2): spl_autoload_call()
#4 C:\yii\framework\YiiBase.php(421): include()
#5 unknown(0): autoload()
#6 C:\xampp\htdocs\mesh\protected\controllers\SiteController.php(181): spl_autoload_call()
#7 C:\yii\framework\web\actions\CInlineAction.php(49): SiteController->actionRegister()
#8 C:\yii\framework\web\CController.php(308): CInlineAction->runWithParams()
#9 C:\yii\framework\web\CController.php(286): SiteController->runAction()
#10 C:\yii\framework\web\CController.php(265): SiteController->runActionWithFilters()
#11 C:\yii\framework\web\CWebApplication.php(282): SiteController->run()
#12 C:\yii\framework\web\CWebApplication.php(141): CWebApplication->runController()
#13 C:\yii\framework\base\CApplication.php(169): CWebApplication->processRequest()
#14 C:\xampp\htdocs\mesh\index.php(13): CWebApplication->run()
REQUEST_URI=/mesh/index.php?r=site/register
in C:\xampp\htdocs\mesh\protected\extensions\Neo4Yii\ENeo4jPropertyContainer.php (13)
in C:\xampp\htdocs\mesh\protected\extensions\Neo4Yii\ENeo4jNode.php (14)
in C:\xampp\htdocs\mesh\protected\models\Neouser.php (2)
2013/01/13 07:32:00 [error] [php] Declaration of ENeo4jPropertyContainer::query() should be compatible with EActiveResource::query($route, $method = 'GET', $params = Array, $data = NULL) (C:\xampp\htdocs\mesh\protected\extensions\Neo4Yii\ENeo4jPropertyContainer.php:13)
Stack trace:
#0 C:\xampp\htdocs\mesh\protected\extensions\Neo4Yii\ENeo4jNode.php(14): spl_autoload_call()
#1 C:\yii\framework\YiiBase.php(421): include()
#2 unknown(0): autoload()
#3 C:\xampp\htdocs\mesh\protected\models\Neouser.php(2): spl_autoload_call()
#4 C:\yii\framework\YiiBase.php(421): include()
#5 unknown(0): autoload()
#6 C:\xampp\htdocs\mesh\protected\controllers\SiteController.php(181): spl_autoload_call()
#7 C:\yii\framework\web\actions\CInlineAction.php(49): SiteController->actionRegister()
#8 C:\yii\framework\web\CController.php(308): CInlineAction->runWithParams()
#9 C:\yii\framework\web\CController.php(286): SiteController->runAction()
#10 C:\yii\framework\web\CController.php(265): SiteController->runActionWithFilters()
#11 C:\yii\framework\web\CWebApplication.php(282): SiteController->run()
#12 C:\yii\framework\web\CWebApplication.php(141): CWebApplication->runController()
#13 C:\yii\framework\base\CApplication.php(169): CWebApplication->processRequest()
#14 C:\xampp\htdocs\mesh\index.php(13): CWebApplication->run()
REQUEST_URI=/mesh/index.php?r=site/register
in C:\xampp\htdocs\mesh\protected\extensions\Neo4Yii\ENeo4jPropertyContainer.php (13)
in C:\xampp\htdocs\mesh\protected\extensions\Neo4Yii\ENeo4jNode.php (14)
in C:\xampp\htdocs\mesh\protected\models\Neouser.php (2)
2013/01/13 07:33:02 [error] [php] Declaration of ENeo4jNode::findById() should be compatible with EActiveResource::findById($id, $params = Array) (C:\xampp\htdocs\mesh\protected\extensions\Neo4Yii\ENeo4jNode.php:14)
Stack trace:
#0 C:\xampp\htdocs\mesh\protected\models\Neouser.php(2): spl_autoload_call()
#1 C:\yii\framework\YiiBase.php(421): include()
#2 unknown(0): autoload()
#3 C:\xampp\htdocs\mesh\protected\controllers\SiteController.php(181): spl_autoload_call()
#4 C:\yii\framework\web\actions\CInlineAction.php(49): SiteController->actionRegister()
#5 C:\yii\framework\web\CController.php(308): CInlineAction->runWithParams()
#6 C:\yii\framework\web\CController.php(286): SiteController->runAction()
#7 C:\yii\framework\web\CController.php(265): SiteController->runActionWithFilters()
#8 C:\yii\framework\web\CWebApplication.php(282): SiteController->run()
#9 C:\yii\framework\web\CWebApplication.php(141): CWebApplication->runController()
#10 C:\yii\framework\base\CApplication.php(169): CWebApplication->processRequest()
#11 C:\xampp\htdocs\mesh\index.php(13): CWebApplication->run()
REQUEST_URI=/mesh/index.php?r=site/register
in C:\xampp\htdocs\mesh\protected\extensions\Neo4Yii\ENeo4jNode.php (14)
in C:\xampp\htdocs\mesh\protected\models\Neouser.php (2)
in C:\xampp\htdocs\mesh\protected\controllers\SiteController.php (181)
2013/01/13 07:33:44 [error] [php] Declaration of ENeo4jPropertyContainer::query() should be compatible with EActiveResource::query($route, $method = 'GET', $params = Array, $data = NULL) (C:\xampp\htdocs\mesh\protected\extensions\Neo4Yii\ENeo4jPropertyContainer.php:13)
Stack trace:
#0 C:\xampp\htdocs\mesh\protected\extensions\Neo4Yii\ENeo4jNode.php(14): spl_autoload_call()
#1 C:\yii\framework\YiiBase.php(421): include()
#2 unknown(0): autoload()
#3 C:\xampp\htdocs\mesh\protected\models\Neouser.php(2): spl_autoload_call()
#4 C:\yii\framework\YiiBase.php(421): include()
#5 unknown(0): autoload()
#6 C:\xampp\htdocs\mesh\protected\controllers\SiteController.php(181): spl_autoload_call()
#7 C:\yii\framework\web\actions\CInlineAction.php(49): SiteController->actionRegister()
#8 C:\yii\framework\web\CController.php(308): CInlineAction->runWithParams()
#9 C:\yii\framework\web\CController.php(286): SiteController->runAction()
#10 C:\yii\framework\web\CController.php(265): SiteController->runActionWithFilters()
#11 C:\yii\framework\web\CWebApplication.php(282): SiteController->run()
#12 C:\yii\framework\web\CWebApplication.php(141): CWebApplication->runController()
#13 C:\yii\framework\base\CApplication.php(169): CWebApplication->processRequest()
#14 C:\xampp\htdocs\mesh\index.php(13): CWebApplication->run()
REQUEST_URI=/mesh/index.php?r=site/register
in C:\xampp\htdocs\mesh\protected\extensions\Neo4Yii\ENeo4jPropertyContainer.php (13)
in C:\xampp\htdocs\mesh\protected\extensions\Neo4Yii\ENeo4jNode.php (14)
in C:\xampp\htdocs\mesh\protected\models\Neouser.php (2)
2013/01/13 07:34:21 [error] [php] Declaration of ENeo4jPropertyContainer::query() should be compatible with EActiveResource::query($route, $method = 'GET', $params = Array, $data = NULL) (C:\xampp\htdocs\mesh\protected\extensions\Neo4Yii\ENeo4jPropertyContainer.php:13)
Stack trace:
#0 C:\xampp\htdocs\mesh\protected\extensions\Neo4Yii\ENeo4jNode.php(14): spl_autoload_call()
#1 C:\yii\framework\YiiBase.php(421): include()
#2 unknown(0): autoload()
#3 C:\xampp\htdocs\mesh\protected\models\Neouser.php(2): spl_autoload_call()
#4 C:\yii\framework\YiiBase.php(421): include()
#5 unknown(0): autoload()
#6 C:\xampp\htdocs\mesh\protected\controllers\SiteController.php(181): spl_autoload_call()
#7 C:\yii\framework\web\actions\CInlineAction.php(49): SiteController->actionRegister()
#8 C:\yii\framework\web\CController.php(308): CInlineAction->runWithParams()
#9 C:\yii\framework\web\CController.php(286): SiteController->runAction()
#10 C:\yii\framework\web\CController.php(265): SiteController->runActionWithFilters()
#11 C:\yii\framework\web\CWebApplication.php(282): SiteController->run()
#12 C:\yii\framework\web\CWebApplication.php(141): CWebApplication->runController()
#13 C:\yii\framework\base\CApplication.php(169): CWebApplication->processRequest()
#14 C:\xampp\htdocs\mesh\index.php(13): CWebApplication->run()
REQUEST_URI=/mesh/index.php?r=site/register
in C:\xampp\htdocs\mesh\protected\extensions\Neo4Yii\ENeo4jPropertyContainer.php (13)
in C:\xampp\htdocs\mesh\protected\extensions\Neo4Yii\ENeo4jNode.php (14)
in C:\xampp\htdocs\mesh\protected\models\Neouser.php (2)
2013/01/13 07:34:44 [error] [php] Declaration of ENeo4jNode::findById() should be compatible with EActiveResource::findById($id, $params = Array) (C:\xampp\htdocs\mesh\protected\extensions\Neo4Yii\ENeo4jNode.php:14)
Stack trace:
#0 C:\xampp\htdocs\mesh\protected\models\Neouser.php(2): spl_autoload_call()
#1 C:\yii\framework\YiiBase.php(421): include()
#2 unknown(0): autoload()
#3 C:\xampp\htdocs\mesh\protected\controllers\SiteController.php(181): spl_autoload_call()
#4 C:\yii\framework\web\actions\CInlineAction.php(49): SiteController->actionRegister()
#5 C:\yii\framework\web\CController.php(308): CInlineAction->runWithParams()
#6 C:\yii\framework\web\CController.php(286): SiteController->runAction()
#7 C:\yii\framework\web\CController.php(265): SiteController->runActionWithFilters()
#8 C:\yii\framework\web\CWebApplication.php(282): SiteController->run()
#9 C:\yii\framework\web\CWebApplication.php(141): CWebApplication->runController()
#10 C:\yii\framework\base\CApplication.php(169): CWebApplication->processRequest()
#11 C:\xampp\htdocs\mesh\index.php(13): CWebApplication->run()
REQUEST_URI=/mesh/index.php?r=site/register
in C:\xampp\htdocs\mesh\protected\extensions\Neo4Yii\ENeo4jNode.php (14)
in C:\xampp\htdocs\mesh\protected\models\Neouser.php (2)
in C:\xampp\htdocs\mesh\protected\controllers\SiteController.php (181)
2013/01/13 07:37:29 [error] [php] Cannot modify header information - headers already sent by (output started at C:\xampp\htdocs\mesh\protected\controllers\SiteController.php:187) (C:\yii\framework\web\CHttpRequest.php:789)
Stack trace:
#0 C:\xampp\htdocs\mesh\protected\controllers\SiteController.php(201): SiteController->redirect()
#1 C:\yii\framework\web\actions\CInlineAction.php(49): SiteController->actionRegister()
#2 C:\yii\framework\web\CController.php(308): CInlineAction->runWithParams()
#3 C:\yii\framework\web\CController.php(286): SiteController->runAction()
#4 C:\yii\framework\web\CController.php(265): SiteController->runActionWithFilters()
#5 C:\yii\framework\web\CWebApplication.php(282): SiteController->run()
#6 C:\yii\framework\web\CWebApplication.php(141): CWebApplication->runController()
#7 C:\yii\framework\base\CApplication.php(169): CWebApplication->processRequest()
#8 C:\xampp\htdocs\mesh\index.php(13): CWebApplication->run()
REQUEST_URI=/mesh/index.php?r=site/register
in C:\xampp\htdocs\mesh\protected\controllers\SiteController.php (201)
in C:\xampp\htdocs\mesh\index.php (13)
2013/01/13 07:46:15 [error] [php] Cannot modify header information - headers already sent by (output started at C:\xampp\htdocs\mesh\protected\controllers\SiteController.php:187) (C:\yii\framework\web\CHttpRequest.php:789)
Stack trace:
#0 C:\xampp\htdocs\mesh\protected\controllers\SiteController.php(201): SiteController->redirect()
#1 C:\yii\framework\web\actions\CInlineAction.php(49): SiteController->actionRegister()
#2 C:\yii\framework\web\CController.php(308): CInlineAction->runWithParams()
#3 C:\yii\framework\web\CController.php(286): SiteController->runAction()
#4 C:\yii\framework\web\CController.php(265): SiteController->runActionWithFilters()
#5 C:\yii\framework\web\CWebApplication.php(282): SiteController->run()
#6 C:\yii\framework\web\CWebApplication.php(141): CWebApplication->runController()
#7 C:\yii\framework\base\CApplication.php(169): CWebApplication->processRequest()
#8 C:\xampp\htdocs\mesh\index.php(13): CWebApplication->run()
REQUEST_URI=/mesh/index.php?r=site/register
in C:\xampp\htdocs\mesh\protected\controllers\SiteController.php (201)
in C:\xampp\htdocs\mesh\index.php (13)
2013/01/13 07:48:56 [error] [php] Cannot modify header information - headers already sent by (output started at C:\xampp\htdocs\mesh\protected\controllers\SiteController.php:187) (C:\yii\framework\web\CHttpRequest.php:789)
Stack trace:
#0 C:\xampp\htdocs\mesh\protected\controllers\SiteController.php(201): SiteController->redirect()
#1 C:\yii\framework\web\actions\CInlineAction.php(49): SiteController->actionRegister()
#2 C:\yii\framework\web\CController.php(308): CInlineAction->runWithParams()
#3 C:\yii\framework\web\CController.php(286): SiteController->runAction()
#4 C:\yii\framework\web\CController.php(265): SiteController->runActionWithFilters()
#5 C:\yii\framework\web\CWebApplication.php(282): SiteController->run()
#6 C:\yii\framework\web\CWebApplication.php(141): CWebApplication->runController()
#7 C:\yii\framework\base\CApplication.php(169): CWebApplication->processRequest()
#8 C:\xampp\htdocs\mesh\index.php(13): CWebApplication->run()
REQUEST_URI=/mesh/index.php?r=site/register
in C:\xampp\htdocs\mesh\protected\controllers\SiteController.php (201)
in C:\xampp\htdocs\mesh\index.php (13)
2013/01/13 07:51:18 [warning] [application] Failed to set unsafe attribute "joinIp" of "NeoUser".
in C:\xampp\htdocs\mesh\protected\extensions\EActiveResource\EActiveResource.php (415)
in C:\xampp\htdocs\mesh\protected\extensions\EActiveResource\EActiveResource.php (281)
in C:\xampp\htdocs\mesh\protected\controllers\SiteController.php (182)
2013/01/13 07:51:18 [warning] [application] Failed to set unsafe attribute "id" of "NeoUser".
in C:\xampp\htdocs\mesh\protected\extensions\EActiveResource\EActiveResource.php (415)
in C:\xampp\htdocs\mesh\protected\extensions\EActiveResource\EActiveResource.php (281)
in C:\xampp\htdocs\mesh\protected\controllers\SiteController.php (182)
2013/01/13 07:51:18 [error] [php] Only variables should be passed by reference (C:\xampp\htdocs\mesh\protected\extensions\Neo4Yii\ENeo4jPropertyContainer.php:122)
Stack trace:
#0 C:\xampp\htdocs\mesh\protected\extensions\EActiveResource\EActiveResource.php(781): NeoUser->postRequest()
#1 C:\xampp\htdocs\mesh\protected\extensions\EActiveResource\EActiveResource.php(531): NeoUser->create()
#2 C:\xampp\htdocs\mesh\protected\controllers\SiteController.php(187): NeoUser->save()
#3 C:\yii\framework\web\actions\CInlineAction.php(49): SiteController->actionRegister()
#4 C:\yii\framework\web\CController.php(308): CInlineAction->runWithParams()
#5 C:\yii\framework\web\CController.php(286): SiteController->runAction()
#6 C:\yii\framework\web\CController.php(265): SiteController->runActionWithFilters()
#7 C:\yii\framework\web\CWebApplication.php(282): SiteController->run()
#8 C:\yii\framework\web\CWebApplication.php(141): CWebApplication->runController()
#9 C:\yii\framework\base\CApplication.php(169): CWebApplication->processRequest()
#10 C:\xampp\htdocs\mesh\index.php(13): CWebApplication->run()
REQUEST_URI=/mesh/index.php?r=site/register
in C:\xampp\htdocs\mesh\protected\extensions\Neo4Yii\ENeo4jPropertyContainer.php (122)
in C:\xampp\htdocs\mesh\protected\extensions\EActiveResource\EActiveResource.php (126)
in C:\xampp\htdocs\mesh\protected\extensions\EActiveResource\EActiveResource.php (1101)
2013/01/13 07:56:08 [warning] [application] Failed to set unsafe attribute "joinIp" of "NeoUser".
in C:\xampp\htdocs\mesh\protected\extensions\EActiveResource\EActiveResource.php (415)
in C:\xampp\htdocs\mesh\protected\extensions\EActiveResource\EActiveResource.php (281)
in C:\xampp\htdocs\mesh\protected\controllers\SiteController.php (182)
2013/01/13 07:56:08 [warning] [application] Failed to set unsafe attribute "id" of "NeoUser".
in C:\xampp\htdocs\mesh\protected\extensions\EActiveResource\EActiveResource.php (415)
in C:\xampp\htdocs\mesh\protected\extensions\EActiveResource\EActiveResource.php (281)
in C:\xampp\htdocs\mesh\protected\controllers\SiteController.php (182)
2013/01/13 07:56:08 [error] [php] Only variables should be passed by reference (C:\xampp\htdocs\mesh\protected\extensions\Neo4Yii\ENeo4jPropertyContainer.php:122)
Stack trace:
#0 C:\xampp\htdocs\mesh\protected\extensions\EActiveResource\EActiveResource.php(781): NeoUser->postRequest()
#1 C:\xampp\htdocs\mesh\protected\extensions\EActiveResource\EActiveResource.php(531): NeoUser->create()
#2 C:\xampp\htdocs\mesh\protected\controllers\SiteController.php(187): NeoUser->save()
#3 C:\yii\framework\web\actions\CInlineAction.php(49): SiteController->actionRegister()
#4 C:\yii\framework\web\CController.php(308): CInlineAction->runWithParams()
#5 C:\yii\framework\web\CController.php(286): SiteController->runAction()
#6 C:\yii\framework\web\CController.php(265): SiteController->runActionWithFilters()
#7 C:\yii\framework\web\CWebApplication.php(282): SiteController->run()
#8 C:\yii\framework\web\CWebApplication.php(141): CWebApplication->runController()
#9 C:\yii\framework\base\CApplication.php(169): CWebApplication->processRequest()
#10 C:\xampp\htdocs\mesh\index.php(13): CWebApplication->run()
REQUEST_URI=/mesh/index.php?r=site/register
in C:\xampp\htdocs\mesh\protected\extensions\Neo4Yii\ENeo4jPropertyContainer.php (122)
in C:\xampp\htdocs\mesh\protected\extensions\EActiveResource\EActiveResource.php (126)
in C:\xampp\htdocs\mesh\protected\extensions\EActiveResource\EActiveResource.php (1101)
2013/01/13 07:58:18 [warning] [application] Failed to set unsafe attribute "joinIp" of "NeoUser".
in C:\xampp\htdocs\mesh\protected\extensions\EActiveResource\EActiveResource.php (415)
in C:\xampp\htdocs\mesh\protected\extensions\EActiveResource\EActiveResource.php (281)
in C:\xampp\htdocs\mesh\protected\controllers\SiteController.php (182)
2013/01/13 07:58:18 [warning] [application] Failed to set unsafe attribute "id" of "NeoUser".
in C:\xampp\htdocs\mesh\protected\extensions\EActiveResource\EActiveResource.php (415)
in C:\xampp\htdocs\mesh\protected\extensions\EActiveResource\EActiveResource.php (281)
in C:\xampp\htdocs\mesh\protected\controllers\SiteController.php (182)
2013/01/13 07:59:33 [warning] [application] Failed to set unsafe attribute "joinIp" of "NeoUser".
in C:\xampp\htdocs\mesh\protected\extensions\EActiveResource\EActiveResource.php (415)
in C:\xampp\htdocs\mesh\protected\extensions\EActiveResource\EActiveResource.php (281)
in C:\xampp\htdocs\mesh\protected\controllers\SiteController.php (182)
2013/01/13 07:59:33 [warning] [application] Failed to set unsafe attribute "id" of "NeoUser".
in C:\xampp\htdocs\mesh\protected\extensions\EActiveResource\EActiveResource.php (415)
in C:\xampp\htdocs\mesh\protected\extensions\EActiveResource\EActiveResource.php (281)
in C:\xampp\htdocs\mesh\protected\controllers\SiteController.php (182)
2013/01/13 07:59:33 [error] [php] Only variables should be passed by reference (C:\xampp\htdocs\mesh\protected\extensions\Neo4Yii\ENeo4jPropertyContainer.php:123)
Stack trace:
#0 C:\xampp\htdocs\mesh\protected\extensions\EActiveResource\EActiveResource.php(781): NeoUser->postRequest()
#1 C:\xampp\htdocs\mesh\protected\extensions\EActiveResource\EActiveResource.php(531): NeoUser->create()
#2 C:\xampp\htdocs\mesh\protected\controllers\SiteController.php(187): NeoUser->save()
#3 C:\yii\framework\web\actions\CInlineAction.php(49): SiteController->actionRegister()
#4 C:\yii\framework\web\CController.php(308): CInlineAction->runWithParams()
#5 C:\yii\framework\web\CController.php(286): SiteController->runAction()
#6 C:\yii\framework\web\CController.php(265): SiteController->runActionWithFilters()
#7 C:\yii\framework\web\CWebApplication.php(282): SiteController->run()
#8 C:\yii\framework\web\CWebApplication.php(141): CWebApplication->runController()
#9 C:\yii\framework\base\CApplication.php(169): CWebApplication->processRequest()
#10 C:\xampp\htdocs\mesh\index.php(13): CWebApplication->run()
REQUEST_URI=/mesh/index.php?r=site/register
in C:\xampp\htdocs\mesh\protected\extensions\Neo4Yii\ENeo4jPropertyContainer.php (123)
in C:\xampp\htdocs\mesh\protected\extensions\EActiveResource\EActiveResource.php (126)
in C:\xampp\htdocs\mesh\protected\extensions\EActiveResource\EActiveResource.php (1101)
2013/01/13 08:19:40 [warning] [application] Failed to set unsafe attribute "joinIp" of "NeoUser".
in C:\xampp\htdocs\mesh\protected\extensions\EActiveResource\EActiveResource.php (415)
in C:\xampp\htdocs\mesh\protected\extensions\EActiveResource\EActiveResource.php (281)
in C:\xampp\htdocs\mesh\protected\controllers\SiteController.php (182)
2013/01/13 08:19:40 [warning] [application] Failed to set unsafe attribute "id" of "NeoUser".
in C:\xampp\htdocs\mesh\protected\extensions\EActiveResource\EActiveResource.php (415)
in C:\xampp\htdocs\mesh\protected\extensions\EActiveResource\EActiveResource.php (281)
in C:\xampp\htdocs\mesh\protected\controllers\SiteController.php (182)
2013/01/13 08:19:40 [error] [php] Only variables should be passed by reference (C:\xampp\htdocs\mesh\protected\extensions\Neo4Yii\ENeo4jPropertyContainer.php:123)
Stack trace:
#0 C:\xampp\htdocs\mesh\protected\extensions\EActiveResource\EActiveResource.php(781): NeoUser->postRequest()
#1 C:\xampp\htdocs\mesh\protected\extensions\EActiveResource\EActiveResource.php(531): NeoUser->create()
#2 C:\xampp\htdocs\mesh\protected\controllers\SiteController.php(187): NeoUser->save()
#3 C:\yii\framework\web\actions\CInlineAction.php(49): SiteController->actionRegister()
#4 C:\yii\framework\web\CController.php(308): CInlineAction->runWithParams()
#5 C:\yii\framework\web\CController.php(286): SiteController->runAction()
#6 C:\yii\framework\web\CController.php(265): SiteController->runActionWithFilters()
#7 C:\yii\framework\web\CWebApplication.php(282): SiteController->run()
#8 C:\yii\framework\web\CWebApplication.php(141): CWebApplication->runController()
#9 C:\yii\framework\base\CApplication.php(169): CWebApplication->processRequest()
#10 C:\xampp\htdocs\mesh\index.php(13): CWebApplication->run()
REQUEST_URI=/mesh/index.php?r=site/register
in C:\xampp\htdocs\mesh\protected\extensions\Neo4Yii\ENeo4jPropertyContainer.php (123)
in C:\xampp\htdocs\mesh\protected\extensions\EActiveResource\EActiveResource.php (126)
in C:\xampp\htdocs\mesh\protected\extensions\EActiveResource\EActiveResource.php (1101)
2013/01/13 12:28:52 [error] [system.db.CDbCommand] CDbCommand::execute() failed: SQLSTATE[23000]: Integrity constraint violation: 1062 Duplicate entry 'adeb6600@gmail.com' for key 'email'. The SQL statement executed was: INSERT INTO `base_user` (`email`, `password`, `joinStamp`, `activityStamp`, `emailVerify`, `joinIp`) VALUES (:yp0, :yp1, :yp2, :yp3, :yp4, :yp5).
in C:\xampp\htdocs\mesh\protected\controllers\SiteController.php (177)
in C:\xampp\htdocs\mesh\index.php (13)
2013/01/13 12:28:52 [error] [exception.CDbException] exception 'CDbException' with message 'CDbCommand failed to execute the SQL statement: SQLSTATE[23000]: Integrity constraint violation: 1062 Duplicate entry 'adeb6600@gmail.com' for key 'email'. The SQL statement executed was: INSERT INTO `base_user` (`email`, `password`, `joinStamp`, `activityStamp`, `emailVerify`, `joinIp`) VALUES (:yp0, :yp1, :yp2, :yp3, :yp4, :yp5)' in C:\yii\framework\db\CDbCommand.php:357
Stack trace:
#0 C:\yii\framework\db\ar\CActiveRecord.php(1023): CDbCommand->execute()
#1 C:\yii\framework\db\ar\CActiveRecord.php(795): CActiveRecord->insert(NULL)
#2 C:\xampp\htdocs\mesh\protected\controllers\SiteController.php(177): CActiveRecord->save()
#3 C:\yii\framework\web\actions\CInlineAction.php(49): SiteController->actionRegister()
#4 C:\yii\framework\web\CController.php(308): CInlineAction->runWithParams(Array)
#5 C:\yii\framework\web\CController.php(286): CController->runAction(Object(CInlineAction))
#6 C:\yii\framework\web\CController.php(265): CController->runActionWithFilters(Object(CInlineAction), Array)
#7 C:\yii\framework\web\CWebApplication.php(282): CController->run('register')
#8 C:\yii\framework\web\CWebApplication.php(141): CWebApplication->runController('site/register')
#9 C:\yii\framework\base\CApplication.php(169): CWebApplication->processRequest()
#10 C:\xampp\htdocs\mesh\index.php(13): CApplication->run()
#11 {main}
REQUEST_URI=/mesh/index.php?r=site/register
HTTP_REFERER=http://localhost/mesh/
---
2013/01/13 12:29:22 [warning] [application] Failed to set unsafe attribute "joinIp" of "NeoUser".
in C:\xampp\htdocs\mesh\protected\extensions\EActiveResource\EActiveResource.php (415)
in C:\xampp\htdocs\mesh\protected\extensions\EActiveResource\EActiveResource.php (281)
in C:\xampp\htdocs\mesh\protected\controllers\SiteController.php (182)
2013/01/13 12:29:22 [warning] [application] Failed to set unsafe attribute "id" of "NeoUser".
in C:\xampp\htdocs\mesh\protected\extensions\EActiveResource\EActiveResource.php (415)
in C:\xampp\htdocs\mesh\protected\extensions\EActiveResource\EActiveResource.php (281)
in C:\xampp\htdocs\mesh\protected\controllers\SiteController.php (182)
2013/01/13 12:29:22 [error] [php] Only variables should be passed by reference (C:\xampp\htdocs\mesh\protected\extensions\Neo4Yii\ENeo4jPropertyContainer.php:123)
Stack trace:
#0 C:\xampp\htdocs\mesh\protected\extensions\EActiveResource\EActiveResource.php(781): NeoUser->postRequest()
#1 C:\xampp\htdocs\mesh\protected\extensions\EActiveResource\EActiveResource.php(531): NeoUser->create()
#2 C:\xampp\htdocs\mesh\protected\controllers\SiteController.php(187): NeoUser->save()
#3 C:\yii\framework\web\actions\CInlineAction.php(49): SiteController->actionRegister()
#4 C:\yii\framework\web\CController.php(308): CInlineAction->runWithParams()
#5 C:\yii\framework\web\CController.php(286): SiteController->runAction()
#6 C:\yii\framework\web\CController.php(265): SiteController->runActionWithFilters()
#7 C:\yii\framework\web\CWebApplication.php(282): SiteController->run()
#8 C:\yii\framework\web\CWebApplication.php(141): CWebApplication->runController()
#9 C:\yii\framework\base\CApplication.php(169): CWebApplication->processRequest()
#10 C:\xampp\htdocs\mesh\index.php(13): CWebApplication->run()
REQUEST_URI=/mesh/index.php?r=site/register
in C:\xampp\htdocs\mesh\protected\extensions\Neo4Yii\ENeo4jPropertyContainer.php (123)
in C:\xampp\htdocs\mesh\protected\extensions\EActiveResource\EActiveResource.php (126)
in C:\xampp\htdocs\mesh\protected\extensions\EActiveResource\EActiveResource.php (1101)
2013/01/13 12:30:30 [warning] [application] Failed to set unsafe attribute "joinIp" of "NeoUser".
in C:\xampp\htdocs\mesh\protected\extensions\EActiveResource\EActiveResource.php (415)
in C:\xampp\htdocs\mesh\protected\extensions\EActiveResource\EActiveResource.php (281)
in C:\xampp\htdocs\mesh\protected\controllers\SiteController.php (182)
2013/01/13 12:30:30 [warning] [application] Failed to set unsafe attribute "id" of "NeoUser".
in C:\xampp\htdocs\mesh\protected\extensions\EActiveResource\EActiveResource.php (415)
in C:\xampp\htdocs\mesh\protected\extensions\EActiveResource\EActiveResource.php (281)
in C:\xampp\htdocs\mesh\protected\controllers\SiteController.php (182)
2013/01/13 12:36:13 [warning] [application] Failed to set unsafe attribute "joinIp" of "NeoUser".
in C:\xampp\htdocs\mesh\protected\extensions\EActiveResource\EActiveResource.php (415)
in C:\xampp\htdocs\mesh\protected\extensions\EActiveResource\EActiveResource.php (281)
in C:\xampp\htdocs\mesh\protected\controllers\SiteController.php (182)
2013/01/13 12:36:13 [warning] [application] Failed to set unsafe attribute "id" of "NeoUser".
in C:\xampp\htdocs\mesh\protected\extensions\EActiveResource\EActiveResource.php (415)
in C:\xampp\htdocs\mesh\protected\extensions\EActiveResource\EActiveResource.php (281)
in C:\xampp\htdocs\mesh\protected\controllers\SiteController.php (182)
2013/01/13 12:36:13 [error] [php] Only variables should be passed by reference (C:\xampp\htdocs\mesh\protected\extensions\Neo4Yii\ENeo4jPropertyContainer.php:123)
Stack trace:
#0 C:\xampp\htdocs\mesh\protected\extensions\EActiveResource\EActiveResource.php(781): NeoUser->postRequest()
#1 C:\xampp\htdocs\mesh\protected\extensions\EActiveResource\EActiveResource.php(531): NeoUser->create()
#2 C:\xampp\htdocs\mesh\protected\controllers\SiteController.php(187): NeoUser->save()
#3 C:\yii\framework\web\actions\CInlineAction.php(49): SiteController->actionRegister()
#4 C:\yii\framework\web\CController.php(308): CInlineAction->runWithParams()
#5 C:\yii\framework\web\CController.php(286): SiteController->runAction()
#6 C:\yii\framework\web\CController.php(265): SiteController->runActionWithFilters()
#7 C:\yii\framework\web\CWebApplication.php(282): SiteController->run()
#8 C:\yii\framework\web\CWebApplication.php(141): CWebApplication->runController()
#9 C:\yii\framework\base\CApplication.php(169): CWebApplication->processRequest()
#10 C:\xampp\htdocs\mesh\index.php(13): CWebApplication->run()
REQUEST_URI=/mesh/index.php?r=site/register
in C:\xampp\htdocs\mesh\protected\extensions\Neo4Yii\ENeo4jPropertyContainer.php (123)
in C:\xampp\htdocs\mesh\protected\extensions\EActiveResource\EActiveResource.php (126)
in C:\xampp\htdocs\mesh\protected\extensions\EActiveResource\EActiveResource.php (1101)
2013/01/13 12:37:49 [warning] [application] Failed to set unsafe attribute "joinIp" of "NeoUser".
in C:\xampp\htdocs\mesh\protected\extensions\EActiveResource\EActiveResource.php (417)
in C:\xampp\htdocs\mesh\protected\extensions\EActiveResource\EActiveResource.php (283)
in C:\xampp\htdocs\mesh\protected\controllers\SiteController.php (182)
2013/01/13 12:37:49 [warning] [application] Failed to set unsafe attribute "id" of "NeoUser".
in C:\xampp\htdocs\mesh\protected\extensions\EActiveResource\EActiveResource.php (417)
in C:\xampp\htdocs\mesh\protected\extensions\EActiveResource\EActiveResource.php (283)
in C:\xampp\htdocs\mesh\protected\controllers\SiteController.php (182)
2013/01/13 12:39:02 [warning] [application] Failed to set unsafe attribute "joinIp" of "NeoUser".
in C:\xampp\htdocs\mesh\protected\extensions\EActiveResource\EActiveResource.php (417)
in C:\xampp\htdocs\mesh\protected\extensions\EActiveResource\EActiveResource.php (283)
in C:\xampp\htdocs\mesh\protected\controllers\SiteController.php (182)
2013/01/13 12:39:02 [warning] [application] Failed to set unsafe attribute "id" of "NeoUser".
in C:\xampp\htdocs\mesh\protected\extensions\EActiveResource\EActiveResource.php (417)
in C:\xampp\htdocs\mesh\protected\extensions\EActiveResource\EActiveResource.php (283)
in C:\xampp\htdocs\mesh\protected\controllers\SiteController.php (182)
2013/01/13 12:39:46 [warning] [application] Failed to set unsafe attribute "joinIp" of "NeoUser".
in C:\xampp\htdocs\mesh\protected\extensions\EActiveResource\EActiveResource.php (417)
in C:\xampp\htdocs\mesh\protected\extensions\EActiveResource\EActiveResource.php (283)
in C:\xampp\htdocs\mesh\protected\controllers\SiteController.php (182)
2013/01/13 12:39:46 [warning] [application] Failed to set unsafe attribute "id" of "NeoUser".
in C:\xampp\htdocs\mesh\protected\extensions\EActiveResource\EActiveResource.php (417)
in C:\xampp\htdocs\mesh\protected\extensions\EActiveResource\EActiveResource.php (283)
in C:\xampp\htdocs\mesh\protected\controllers\SiteController.php (182)
2013/01/13 12:40:10 [warning] [application] Failed to set unsafe attribute "joinIp" of "NeoUser".
in C:\xampp\htdocs\mesh\protected\extensions\EActiveResource\EActiveResource.php (417)
in C:\xampp\htdocs\mesh\protected\extensions\EActiveResource\EActiveResource.php (283)
in C:\xampp\htdocs\mesh\protected\controllers\SiteController.php (182)
2013/01/13 12:40:10 [warning] [application] Failed to set unsafe attribute "id" of "NeoUser".
in C:\xampp\htdocs\mesh\protected\extensions\EActiveResource\EActiveResource.php (417)
in C:\xampp\htdocs\mesh\protected\extensions\EActiveResource\EActiveResource.php (283)
in C:\xampp\htdocs\mesh\protected\controllers\SiteController.php (182)
2013/01/13 12:41:05 [warning] [application] Failed to set unsafe attribute "joinIp" of "NeoUser".
in C:\xampp\htdocs\mesh\protected\extensions\EActiveResource\EActiveResource.php (417)
in C:\xampp\htdocs\mesh\protected\extensions\EActiveResource\EActiveResource.php (283)
in C:\xampp\htdocs\mesh\protected\controllers\SiteController.php (182)
2013/01/13 12:41:05 [warning] [application] Failed to set unsafe attribute "id" of "NeoUser".
in C:\xampp\htdocs\mesh\protected\extensions\EActiveResource\EActiveResource.php (417)
in C:\xampp\htdocs\mesh\protected\extensions\EActiveResource\EActiveResource.php (283)
in C:\xampp\htdocs\mesh\protected\controllers\SiteController.php (182)
2013/01/13 12:42:43 [warning] [application] Failed to set unsafe attribute "joinIp" of "NeoUser".
in C:\xampp\htdocs\mesh\protected\extensions\EActiveResource\EActiveResource.php (417)
in C:\xampp\htdocs\mesh\protected\extensions\EActiveResource\EActiveResource.php (283)
in C:\xampp\htdocs\mesh\protected\controllers\SiteController.php (182)
2013/01/13 12:42:43 [warning] [application] Failed to set unsafe attribute "id" of "NeoUser".
in C:\xampp\htdocs\mesh\protected\extensions\EActiveResource\EActiveResource.php (417)
in C:\xampp\htdocs\mesh\protected\extensions\EActiveResource\EActiveResource.php (283)
in C:\xampp\htdocs\mesh\protected\controllers\SiteController.php (182)
2013/01/13 12:42:43 [error] [php] Only variables should be passed by reference (C:\xampp\htdocs\mesh\protected\extensions\Neo4Yii\ENeo4jPropertyContainer.php:123)
Stack trace:
#0 C:\xampp\htdocs\mesh\protected\extensions\EActiveResource\EActiveResource.php(783): NeoUser->postRequest()
#1 C:\xampp\htdocs\mesh\protected\extensions\EActiveResource\EActiveResource.php(533): NeoUser->create()
#2 C:\xampp\htdocs\mesh\protected\controllers\SiteController.php(187): NeoUser->save()
#3 C:\yii\framework\web\actions\CInlineAction.php(49): SiteController->actionRegister()
#4 C:\yii\framework\web\CController.php(308): CInlineAction->runWithParams()
#5 C:\yii\framework\web\CController.php(286): SiteController->runAction()
#6 C:\yii\framework\web\CController.php(265): SiteController->runActionWithFilters()
#7 C:\yii\framework\web\CWebApplication.php(282): SiteController->run()
#8 C:\yii\framework\web\CWebApplication.php(141): CWebApplication->runController()
#9 C:\yii\framework\base\CApplication.php(169): CWebApplication->processRequest()
#10 C:\xampp\htdocs\mesh\index.php(13): CWebApplication->run()
REQUEST_URI=/mesh/index.php?r=site/register
in C:\xampp\htdocs\mesh\protected\extensions\Neo4Yii\ENeo4jPropertyContainer.php (123)
in C:\xampp\htdocs\mesh\protected\extensions\EActiveResource\EActiveResource.php (126)
in C:\xampp\htdocs\mesh\protected\extensions\EActiveResource\EActiveResource.php (1103)
2013/01/13 12:43:26 [warning] [application] Failed to set unsafe attribute "joinIp" of "NeoUser".
in C:\xampp\htdocs\mesh\protected\extensions\EActiveResource\EActiveResource.php (417)
in C:\xampp\htdocs\mesh\protected\extensions\EActiveResource\EActiveResource.php (283)
in C:\xampp\htdocs\mesh\protected\controllers\SiteController.php (182)
2013/01/13 12:43:26 [warning] [application] Failed to set unsafe attribute "id" of "NeoUser".
in C:\xampp\htdocs\mesh\protected\extensions\EActiveResource\EActiveResource.php (417)
in C:\xampp\htdocs\mesh\protected\extensions\EActiveResource\EActiveResource.php (283)
in C:\xampp\htdocs\mesh\protected\controllers\SiteController.php (182)
2013/01/13 12:43:27 [error] [php] Only variables should be passed by reference (C:\xampp\htdocs\mesh\protected\extensions\Neo4Yii\ENeo4jPropertyContainer.php:123)
Stack trace:
#0 C:\xampp\htdocs\mesh\protected\controllers\SiteController.php(187): NeoUser->save()
#1 C:\yii\framework\web\actions\CInlineAction.php(49): SiteController->actionRegister()
#2 C:\yii\framework\web\CController.php(308): CInlineAction->runWithParams()
#3 C:\yii\framework\web\CController.php(286): SiteController->runAction()
#4 C:\yii\framework\web\CController.php(265): SiteController->runActionWithFilters()
#5 C:\yii\framework\web\CWebApplication.php(282): SiteController->run()
#6 C:\yii\framework\web\CWebApplication.php(141): CWebApplication->runController()
#7 C:\yii\framework\base\CApplication.php(169): CWebApplication->processRequest()
#8 C:\xampp\htdocs\mesh\index.php(13): CWebApplication->run()
REQUEST_URI=/mesh/index.php?r=site/register
in C:\xampp\htdocs\mesh\protected\extensions\Neo4Yii\ENeo4jPropertyContainer.php (123)
in C:\xampp\htdocs\mesh\protected\extensions\EActiveResource\EActiveResource.php (789)
in C:\xampp\htdocs\mesh\protected\extensions\EActiveResource\EActiveResource.php (533)
2013/01/13 17:50:56 [warning] [application] Failed to set unsafe attribute "joinIp" of "NeoUser".
in C:\xampp\htdocs\mesh\protected\extensions\EActiveResource\EActiveResource.php (417)
in C:\xampp\htdocs\mesh\protected\extensions\EActiveResource\EActiveResource.php (283)
in C:\xampp\htdocs\mesh\protected\controllers\SiteController.php (182)
2013/01/13 17:50:56 [warning] [application] Failed to set unsafe attribute "id" of "NeoUser".
in C:\xampp\htdocs\mesh\protected\extensions\EActiveResource\EActiveResource.php (417)
in C:\xampp\htdocs\mesh\protected\extensions\EActiveResource\EActiveResource.php (283)
in C:\xampp\htdocs\mesh\protected\controllers\SiteController.php (182)
2013/01/13 17:50:56 [error] [php] Only variables should be passed by reference (C:\xampp\htdocs\mesh\protected\extensions\Neo4Yii\ENeo4jPropertyContainer.php:123)
Stack trace:
#0 C:\xampp\htdocs\mesh\protected\extensions\EActiveResource\EActiveResource.php(783): NeoUser->postRequest()
#1 C:\xampp\htdocs\mesh\protected\extensions\EActiveResource\EActiveResource.php(533): NeoUser->create()
#2 C:\xampp\htdocs\mesh\protected\controllers\SiteController.php(187): NeoUser->save()
#3 C:\yii\framework\web\actions\CInlineAction.php(49): SiteController->actionRegister()
#4 C:\yii\framework\web\CController.php(308): CInlineAction->runWithParams()
#5 C:\yii\framework\web\CController.php(286): SiteController->runAction()
#6 C:\yii\framework\web\CController.php(265): SiteController->runActionWithFilters()
#7 C:\yii\framework\web\CWebApplication.php(282): SiteController->run()
#8 C:\yii\framework\web\CWebApplication.php(141): CWebApplication->runController()
#9 C:\yii\framework\base\CApplication.php(169): CWebApplication->processRequest()
#10 C:\xampp\htdocs\mesh\index.php(13): CWebApplication->run()
REQUEST_URI=/mesh/index.php?r=site/register
in C:\xampp\htdocs\mesh\protected\extensions\Neo4Yii\ENeo4jPropertyContainer.php (123)
in C:\xampp\htdocs\mesh\protected\extensions\EActiveResource\EActiveResource.php (128)
in C:\xampp\htdocs\mesh\protected\extensions\EActiveResource\EActiveResource.php (1103)
2013/01/14 17:55:09 [warning] [application] Failed to set unsafe attribute "joinIp" of "NeoUser".
in C:\xampp\htdocs\mesh\protected\extensions\EActiveResource\EActiveResource.php (415)
in C:\xampp\htdocs\mesh\protected\extensions\EActiveResource\EActiveResource.php (281)
in C:\xampp\htdocs\mesh\protected\controllers\SiteController.php (182)
2013/01/14 17:55:09 [warning] [application] Failed to set unsafe attribute "id" of "NeoUser".
in C:\xampp\htdocs\mesh\protected\extensions\EActiveResource\EActiveResource.php (415)
in C:\xampp\htdocs\mesh\protected\extensions\EActiveResource\EActiveResource.php (281)
in C:\xampp\htdocs\mesh\protected\controllers\SiteController.php (182)
2013/01/14 17:55:09 [error] [php] Only variables should be passed by reference (C:\xampp\htdocs\mesh\protected\extensions\Neo4Yii\ENeo4jPropertyContainer.php:123)
Stack trace:
#0 C:\xampp\htdocs\mesh\protected\extensions\EActiveResource\EActiveResource.php(781): NeoUser->postRequest()
#1 C:\xampp\htdocs\mesh\protected\extensions\EActiveResource\EActiveResource.php(531): NeoUser->create()
#2 C:\xampp\htdocs\mesh\protected\controllers\SiteController.php(187): NeoUser->save()
#3 C:\yii\framework\web\actions\CInlineAction.php(50): SiteController->actionRegister()
#4 C:\yii\framework\web\CController.php(309): CInlineAction->runWithParams()
#5 C:\yii\framework\web\CController.php(287): SiteController->runAction()
#6 C:\yii\framework\web\CController.php(266): SiteController->runActionWithFilters()
#7 C:\yii\framework\web\CWebApplication.php(276): SiteController->run()
#8 C:\yii\framework\web\CWebApplication.php(135): CWebApplication->runController()
#9 C:\yii\framework\base\CApplication.php(162): CWebApplication->processRequest()
#10 C:\xampp\htdocs\mesh\index.php(13): CWebApplication->run()
REQUEST_URI=/mesh/index.php?r=site/register
in C:\xampp\htdocs\mesh\protected\extensions\Neo4Yii\ENeo4jPropertyContainer.php (123)
in C:\xampp\htdocs\mesh\protected\extensions\EActiveResource\EActiveResource.php (126)
in C:\xampp\htdocs\mesh\protected\extensions\EActiveResource\EActiveResource.php (1101)
2013/01/14 18:10:56 [warning] [application] Failed to set unsafe attribute "joinIp" of "NeoUser".
in C:\xampp\htdocs\mesh\protected\extensions\EActiveResource\EActiveResource.php (415)
in C:\xampp\htdocs\mesh\protected\extensions\EActiveResource\EActiveResource.php (281)
in C:\xampp\htdocs\mesh\protected\controllers\SiteController.php (182)
2013/01/14 18:10:56 [warning] [application] Failed to set unsafe attribute "id" of "NeoUser".
in C:\xampp\htdocs\mesh\protected\extensions\EActiveResource\EActiveResource.php (415)
in C:\xampp\htdocs\mesh\protected\extensions\EActiveResource\EActiveResource.php (281)
in C:\xampp\htdocs\mesh\protected\controllers\SiteController.php (182)
2013/01/14 18:10:56 [error] [php] Only variables should be passed by reference (C:\xampp\htdocs\mesh\protected\extensions\Neo4Yii\ENeo4jPropertyContainer.php:123)
Stack trace:
#0 C:\xampp\htdocs\mesh\protected\extensions\EActiveResource\EActiveResource.php(781): NeoUser->postRequest()
#1 C:\xampp\htdocs\mesh\protected\extensions\EActiveResource\EActiveResource.php(531): NeoUser->create()
#2 C:\xampp\htdocs\mesh\protected\controllers\SiteController.php(187): NeoUser->save()
#3 C:\yii\framework\web\actions\CInlineAction.php(50): SiteController->actionRegister()
#4 C:\yii\framework\web\CController.php(309): CInlineAction->runWithParams()
#5 C:\yii\framework\web\CController.php(287): SiteController->runAction()
#6 C:\yii\framework\web\CController.php(266): SiteController->runActionWithFilters()
#7 C:\yii\framework\web\CWebApplication.php(276): SiteController->run()
#8 C:\yii\framework\web\CWebApplication.php(135): CWebApplication->runController()
#9 C:\yii\framework\base\CApplication.php(162): CWebApplication->processRequest()
#10 C:\xampp\htdocs\mesh\index.php(13): CWebApplication->run()
REQUEST_URI=/mesh/index.php?r=site/register
in C:\xampp\htdocs\mesh\protected\extensions\Neo4Yii\ENeo4jPropertyContainer.php (123)
in C:\xampp\htdocs\mesh\protected\extensions\EActiveResource\EActiveResource.php (126)
in C:\xampp\htdocs\mesh\protected\extensions\EActiveResource\EActiveResource.php (1101)
2013/01/14 18:12:01 [warning] [application] Failed to set unsafe attribute "joinIp" of "NeoUser".
in C:\xampp\htdocs\mesh\protected\extensions\EActiveResource\EActiveResource.php (415)
in C:\xampp\htdocs\mesh\protected\extensions\EActiveResource\EActiveResource.php (281)
in C:\xampp\htdocs\mesh\protected\controllers\SiteController.php (182)
2013/01/14 18:12:01 [warning] [application] Failed to set unsafe attribute "id" of "NeoUser".
in C:\xampp\htdocs\mesh\protected\extensions\EActiveResource\EActiveResource.php (415)
in C:\xampp\htdocs\mesh\protected\extensions\EActiveResource\EActiveResource.php (281)
in C:\xampp\htdocs\mesh\protected\controllers\SiteController.php (182)
2013/01/21 00:13:57 [error] [exception.CException] exception 'CException' with message 'CActiveForm and its behaviors do not have a method or closure named "emailField".' in C:\yii\framework\base\CComponent.php:266
Stack trace:
#0 C:\xampp\htdocs\mesh\protected\views\site\register.php(34): CComponent->__call('emailField', Array)
#1 C:\xampp\htdocs\mesh\protected\views\site\register.php(34): CActiveForm->emailField(Object(RegisterForm), 'email', Array)
#2 C:\yii\framework\web\CBaseController.php(127): require('C:\xampp\htdocs...')
#3 C:\yii\framework\web\CBaseController.php(96): CBaseController->renderInternal('C:\xampp\htdocs...', Array, true)
#4 C:\yii\framework\web\CController.php(870): CBaseController->renderFile('C:\xampp\htdocs...', Array, true)
#5 C:\xampp\htdocs\mesh\protected\controllers\SiteController.php(63): CController->renderPartial('register', Array, true)
#6 C:\yii\framework\web\actions\CInlineAction.php(50): SiteController->actionIndex()
#7 C:\yii\framework\web\CController.php(309): CInlineAction->runWithParams(Array)
#8 C:\yii\framework\web\CController.php(287): CController->runAction(Object(CInlineAction))
#9 C:\yii\framework\web\CController.php(266): CController->runActionWithFilters(Object(CInlineAction), Array)
#10 C:\yii\framework\web\CWebApplication.php(276): CController->run('')
#11 C:\yii\framework\web\CWebApplication.php(135): CWebApplication->runController('')
#12 C:\yii\framework\base\CApplication.php(162): CWebApplication->processRequest()
#13 C:\xampp\htdocs\mesh\index.php(13): CApplication->run()
#14 {main}
REQUEST_URI=/mesh/index.php
---
2013/01/21 00:14:43 [error] [exception.CException] exception 'CException' with message 'CActiveForm and its behaviors do not have a method or closure named "emailField".' in C:\yii\framework\base\CComponent.php:266
Stack trace:
#0 C:\xampp\htdocs\mesh\protected\views\site\register.php(34): CComponent->__call('emailField', Array)
#1 C:\xampp\htdocs\mesh\protected\views\site\register.php(34): CActiveForm->emailField(Object(RegisterForm), 'email', Array)
#2 C:\yii\framework\web\CBaseController.php(127): require('C:\xampp\htdocs...')
#3 C:\yii\framework\web\CBaseController.php(96): CBaseController->renderInternal('C:\xampp\htdocs...', Array, true)
#4 C:\yii\framework\web\CController.php(870): CBaseController->renderFile('C:\xampp\htdocs...', Array, true)
#5 C:\xampp\htdocs\mesh\protected\controllers\SiteController.php(63): CController->renderPartial('register', Array, true)
#6 C:\yii\framework\web\actions\CInlineAction.php(50): SiteController->actionIndex()
#7 C:\yii\framework\web\CController.php(309): CInlineAction->runWithParams(Array)
#8 C:\yii\framework\web\CController.php(287): CController->runAction(Object(CInlineAction))
#9 C:\yii\framework\web\CController.php(266): CController->runActionWithFilters(Object(CInlineAction), Array)
#10 C:\yii\framework\web\CWebApplication.php(276): CController->run('')
#11 C:\yii\framework\web\CWebApplication.php(135): CWebApplication->runController('')
#12 C:\yii\framework\base\CApplication.php(162): CWebApplication->processRequest()
#13 C:\xampp\htdocs\mesh\index.php(13): CApplication->run()
#14 {main}
REQUEST_URI=/mesh/index.php
---
2013/01/21 00:15:28 [error] [exception.CException] exception 'CException' with message 'CActiveForm and its behaviors do not have a method or closure named "emailField".' in C:\yii\framework\base\CComponent.php:266
Stack trace:
#0 C:\xampp\htdocs\mesh\protected\views\site\register.php(34): CComponent->__call('emailField', Array)
#1 C:\xampp\htdocs\mesh\protected\views\site\register.php(34): CActiveForm->emailField(Object(RegisterForm), 'email', Array)
#2 C:\yii\framework\web\CBaseController.php(127): require('C:\xampp\htdocs...')
#3 C:\yii\framework\web\CBaseController.php(96): CBaseController->renderInternal('C:\xampp\htdocs...', Array, true)
#4 C:\yii\framework\web\CController.php(870): CBaseController->renderFile('C:\xampp\htdocs...', Array, true)
#5 C:\xampp\htdocs\mesh\protected\controllers\SiteController.php(63): CController->renderPartial('register', Array, true)
#6 C:\yii\framework\web\actions\CInlineAction.php(50): SiteController->actionIndex()
#7 C:\yii\framework\web\CController.php(309): CInlineAction->runWithParams(Array)
#8 C:\yii\framework\web\CController.php(287): CController->runAction(Object(CInlineAction))
#9 C:\yii\framework\web\CController.php(266): CController->runActionWithFilters(Object(CInlineAction), Array)
#10 C:\yii\framework\web\CWebApplication.php(276): CController->run('')
#11 C:\yii\framework\web\CWebApplication.php(135): CWebApplication->runController('')
#12 C:\yii\framework\base\CApplication.php(162): CWebApplication->processRequest()
#13 C:\xampp\htdocs\mesh\index.php(13): CApplication->run()
#14 {main}
REQUEST_URI=/mesh/index.php?XDEBUG_SESSION_START=netbeans-xdebug
---
2013/01/23 09:58:31 [error] [php] mkdir(): File exists (C:\yii\framework\utils\CFileHelper.php:114)
Stack trace:
#0 C:\yii\framework\web\CAssetManager.php(249): copyDirectory()
#1 C:\yii\framework\web\CClientScript.php(463): CAssetManager->publish()
#2 C:\yii\framework\web\CClientScript.php(500): CClientScript->getCoreScriptUrl()
#3 C:\yii\framework\web\CClientScript.php(316): CClientScript->getPackageBaseUrl()
#4 C:\yii\framework\web\CClientScript.php(209): CClientScript->renderCoreScripts()
#5 C:\yii\framework\web\CController.php(352): CClientScript->render()
#6 C:\yii\framework\web\CController.php(789): SiteController->processOutput()
#7 C:\xampp\htdocs\mesh\protected\controllers\SiteController.php(65): SiteController->render()
#8 C:\yii\framework\web\actions\CInlineAction.php(50): SiteController->actionIndex()
#9 C:\yii\framework\web\CController.php(309): CInlineAction->runWithParams()
#10 C:\yii\framework\web\CController.php(287): SiteController->runAction()
#11 C:\yii\framework\web\CController.php(266): SiteController->runActionWithFilters()
#12 C:\yii\framework\web\CWebApplication.php(283): SiteController->run()
#13 C:\yii\framework\web\CWebApplication.php(142): CWebApplication->runController()
#14 C:\yii\framework\base\CApplication.php(162): CWebApplication->processRequest()
#15 C:\xampp\htdocs\mesh\index.php(13): CWebApplication->run()
REQUEST_URI=/mesh/
in C:\xampp\htdocs\mesh\protected\controllers\SiteController.php (65)
in C:\xampp\htdocs\mesh\index.php (13)
